2020-12-08 00:06:09.229 INFO [http-nio-8080-exec-8]com.yjq.programmer.controller.common.CpachaController.generateCpacha:51 -验证码成功生成，method=admin_login,value=Qnm7
2020-12-08 00:06:13.879 INFO [http-nio-8080-exec-4]com.yjq.programmer.interceptor.home.UserLoginInterceptor.preHandle:49 -当前URL=/home/user/register
2020-12-08 00:06:13.880 INFO [http-nio-8080-exec-4]com.yjq.programmer.interceptor.home.UserLoginInterceptor.preHandle:50 -当前路径获取到的token=eyJ0eXAiOiJKV1QiLCJhbGciOiJIUzI1NiJ9.eyJwaG9uZSI6IjEzNTM5ODAyMzQxIiwiaWQiOiIxMSIsImV4cCI6MTYwNzk1ODgzNywiaGVhZFBpYyI6ImNvbW1vbi91c2VyX2ltZy5qcGciLCJlbWFpbCI6IjM0NDI0NTAwMUBxcS5jb20iLCJ1c2VybmFtZSI6InVzZXIxIn0._tMnnsejFxSsCRg0hP8Bfwh1YL0KoKwiWFD3QuGmaBg
2020-12-08 00:06:14.020 INFO [http-nio-8080-exec-8]com.yjq.programmer.controller.common.CpachaController.generateCpacha:51 -验证码成功生成，method=user_register,value=4hLr
2020-12-08 00:06:15.096 INFO [http-nio-8080-exec-9]com.yjq.programmer.interceptor.home.UserLoginInterceptor.preHandle:49 -当前URL=/home/user/register
2020-12-08 00:06:15.097 INFO [http-nio-8080-exec-9]com.yjq.programmer.interceptor.home.UserLoginInterceptor.preHandle:50 -当前路径获取到的token=
2020-12-08 00:06:15.242 INFO [http-nio-8080-exec-2]com.yjq.programmer.controller.common.CpachaController.generateCpacha:51 -验证码成功生成，method=user_register,value=Rntk
2020-12-08 00:19:30.929 INFO [restartedMain]com.yjq.programmer.FruitAndVegetableShop.logStarting:50 -Starting FruitAndVegetableShop on ICOS-20191217XB with PID 19468 (D:\FruitAndVegetableShop\target\classes started by Administrator in D:\FruitAndVegetableShop)
2020-12-08 00:19:30.933 INFO [restartedMain]com.yjq.programmer.FruitAndVegetableShop.logStartupProfileInfo:651 -The following profiles are active: dev
2020-12-08 00:19:31.009 INFO [restartedMain]o.s.b.devtools.env.DevToolsPropertyDefaultsPostProcessor.logTo:225 -Devtools property defaults active! Set 'spring.devtools.add-properties' to 'false' to disable
2020-12-08 00:19:31.009 INFO [restartedMain]o.s.b.devtools.env.DevToolsPropertyDefaultsPostProcessor.logTo:225 -For additional web related logging consider setting the 'logging.level.web' property to 'DEBUG'
2020-12-08 00:19:32.312 INFO [restartedMain]o.s.d.repository.config.RepositoryConfigurationDelegate.multipleStoresDetected:244 -Multiple Spring Data modules found, entering strict repository configuration mode!
2020-12-08 00:19:32.317 INFO [restartedMain]o.s.d.repository.config.RepositoryConfigurationDelegate.registerRepositoriesIn:126 -Bootstrapping Spring Data repositories in DEFAULT mode.
2020-12-08 00:19:32.397 INFO [restartedMain]o.s.d.repository.config.RepositoryConfigurationDelegate.registerRepositoriesIn:182 -Finished Spring Data repository scanning in 60ms. Found 0 repository interfaces.
2020-12-08 00:19:32.949 INFO [restartedMain]o.s.c.s.PostProcessorRegistrationDelegate$BeanPostProcessorChecker.postProcessAfterInitialization:330 -Bean 'org.springframework.transaction.annotation.ProxyTransactionManagementConfiguration' of type [org.springframework.transaction.annotation.ProxyTransactionManagementConfiguration$$EnhancerBySpringCGLIB$$fdd5af35] is not eligible for getting processed by all BeanPostProcessors (for example: not eligible for auto-proxying)
2020-12-08 00:19:33.645 INFO [restartedMain]o.s.boot.web.embedded.tomcat.TomcatWebServer.initialize:90 -Tomcat initialized with port(s): 8080 (http)
2020-12-08 00:19:33.662 INFO [restartedMain]org.apache.coyote.http11.Http11NioProtocol.log:173 -Initializing ProtocolHandler ["http-nio-8080"]
2020-12-08 00:19:33.675 INFO [restartedMain]org.apache.catalina.core.StandardService.log:173 -Starting service [Tomcat]
2020-12-08 00:19:33.676 INFO [restartedMain]org.apache.catalina.core.StandardEngine.log:173 -Starting Servlet engine: [Apache Tomcat/9.0.22]
2020-12-08 00:19:33.907 INFO [restartedMain]o.a.catalina.core.ContainerBase.[Tomcat].[localhost].[/].log:173 -Initializing Spring embedded WebApplicationContext
2020-12-08 00:19:33.909 INFO [restartedMain]org.springframework.web.context.ContextLoader.prepareWebApplicationContext:284 -Root WebApplicationContext: initialization completed in 2900 ms
2020-12-08 00:19:35.691 INFO [restartedMain]o.s.scheduling.concurrent.ThreadPoolTaskExecutor.initialize:171 -Initializing ExecutorService 'applicationTaskExecutor'
2020-12-08 00:19:40.833 INFO [restartedMain]o.s.boot.devtools.autoconfigure.OptionalLiveReloadServer.startServer:57 -LiveReload server is running on port 35729
2020-12-08 00:19:40.884 INFO [restartedMain]org.apache.coyote.http11.Http11NioProtocol.log:173 -Starting ProtocolHandler ["http-nio-8080"]
2020-12-08 00:19:40.926 INFO [restartedMain]o.s.boot.web.embedded.tomcat.TomcatWebServer.start:202 -Tomcat started on port(s): 8080 (http) with context path ''
2020-12-08 00:19:40.930 INFO [restartedMain]com.yjq.programmer.FruitAndVegetableShop.logStarted:59 -Started FruitAndVegetableShop in 10.552 seconds (JVM running for 11.205)
2020-12-08 00:20:01.761 INFO [http-nio-8080-exec-1]o.a.catalina.core.ContainerBase.[Tomcat].[localhost].[/].log:173 -Initializing Spring DispatcherServlet 'dispatcherServlet'
2020-12-08 00:20:01.762 INFO [http-nio-8080-exec-1]org.springframework.web.servlet.DispatcherServlet.initServletBean:524 -Initializing Servlet 'dispatcherServlet'
2020-12-08 00:20:01.781 INFO [http-nio-8080-exec-1]org.springframework.web.servlet.DispatcherServlet.initServletBean:546 -Completed initialization in 19 ms
2020-12-08 00:20:01.840 INFO [http-nio-8080-exec-1]com.yjq.programmer.interceptor.home.UserLoginInterceptor.preHandle:49 -当前URL=/home/system/index
2020-12-08 00:20:01.840 INFO [http-nio-8080-exec-1]com.yjq.programmer.interceptor.home.UserLoginInterceptor.preHandle:50 -当前路径获取到的token=
2020-12-08 00:20:17.273 INFO [http-nio-8080-exec-10]com.yjq.programmer.interceptor.home.UserLoginInterceptor.preHandle:49 -当前URL=/home/product/fruit
2020-12-08 00:20:17.273 INFO [http-nio-8080-exec-10]com.yjq.programmer.interceptor.home.UserLoginInterceptor.preHandle:50 -当前路径获取到的token=
2020-12-08 00:20:17.359 INFO [http-nio-8080-exec-10]com.zaxxer.hikari.HikariDataSource.getConnection:110 -HikariPool-1 - Starting...
2020-12-08 00:20:17.804 INFO [http-nio-8080-exec-10]com.zaxxer.hikari.HikariDataSource.getConnection:123 -HikariPool-1 - Start completed.
2020-12-08 00:20:32.301 INFO [http-nio-8080-exec-8]com.yjq.programmer.interceptor.home.UserLoginInterceptor.preHandle:49 -当前URL=/home/product/vegetable
2020-12-08 00:20:32.301 INFO [http-nio-8080-exec-8]com.yjq.programmer.interceptor.home.UserLoginInterceptor.preHandle:50 -当前路径获取到的token=
2020-12-08 00:20:43.205 INFO [http-nio-8080-exec-2]com.yjq.programmer.interceptor.home.UserLoginInterceptor.preHandle:49 -当前URL=/home/user/register
2020-12-08 00:20:43.205 INFO [http-nio-8080-exec-2]com.yjq.programmer.interceptor.home.UserLoginInterceptor.preHandle:50 -当前路径获取到的token=
2020-12-08 00:20:43.344 INFO [http-nio-8080-exec-9]com.yjq.programmer.controller.common.CpachaController.generateCpacha:51 -验证码成功生成，method=user_register,value=g2Gi
2020-12-08 00:21:28.196 INFO [http-nio-8080-exec-8]com.yjq.programmer.controller.common.CpachaController.generateCpacha:51 -验证码成功生成，method=user_register,value=S55M
2020-12-08 00:21:48.451 INFO [http-nio-8080-exec-4]com.yjq.programmer.interceptor.home.UserLoginInterceptor.preHandle:49 -当前URL=/home/user/register
2020-12-08 00:21:48.452 INFO [http-nio-8080-exec-4]com.yjq.programmer.interceptor.home.UserLoginInterceptor.preHandle:50 -当前路径获取到的token=
2020-12-08 00:21:51.630 INFO [http-nio-8080-exec-1]com.yjq.programmer.controller.common.CpachaController.generateCpacha:51 -验证码成功生成，method=user_register,value=Qbat
2020-12-08 00:22:15.439 INFO [http-nio-8080-exec-9]com.yjq.programmer.interceptor.home.UserLoginInterceptor.preHandle:49 -当前URL=/home/user/login
2020-12-08 00:22:15.440 INFO [http-nio-8080-exec-9]com.yjq.programmer.interceptor.home.UserLoginInterceptor.preHandle:50 -当前路径获取到的token=
2020-12-08 00:22:22.108 INFO [http-nio-8080-exec-3]com.yjq.programmer.interceptor.home.UserLoginInterceptor.preHandle:49 -当前URL=/home/user/login
2020-12-08 00:22:22.108 INFO [http-nio-8080-exec-3]com.yjq.programmer.interceptor.home.UserLoginInterceptor.preHandle:50 -当前路径获取到的token=
2020-12-08 00:22:22.130 INFO [http-nio-8080-exec-3]com.yjq.programmer.util.JWTUtil.getToken:46 -生成的token=eyJ0eXAiOiJKV1QiLCJhbGciOiJIUzI1NiJ9.eyJwaG9uZSI6IjEzNTA4MzkyMzQ0IiwiaWQiOiIxMiIsImV4cCI6MTYwNzk2Mjk0MiwiaGVhZFBpYyI6ImNvbW1vbi91c2VyX2ltZy5qcGciLCJlbWFpbCI6IjI1NDU0MDQ1N0BxcS5jb20iLCJ1c2VybmFtZSI6InVzZXIyIn0.ADrrAumjppdoYfhYIU8xLkmuk3QgVLxKa5y4zCycdS4
2020-12-08 00:22:22.159 INFO [http-nio-8080-exec-10]com.yjq.programmer.interceptor.home.UserLoginInterceptor.preHandle:49 -当前URL=/home/system/index
2020-12-08 00:22:22.160 INFO [http-nio-8080-exec-10]com.yjq.programmer.interceptor.home.UserLoginInterceptor.preHandle:50 -当前路径获取到的token=eyJ0eXAiOiJKV1QiLCJhbGciOiJIUzI1NiJ9.eyJwaG9uZSI6IjEzNTA4MzkyMzQ0IiwiaWQiOiIxMiIsImV4cCI6MTYwNzk2Mjk0MiwiaGVhZFBpYyI6ImNvbW1vbi91c2VyX2ltZy5qcGciLCJlbWFpbCI6IjI1NDU0MDQ1N0BxcS5jb20iLCJ1c2VybmFtZSI6InVzZXIyIn0.ADrrAumjppdoYfhYIU8xLkmuk3QgVLxKa5y4zCycdS4
2020-12-08 00:22:22.322 INFO [http-nio-8080-exec-10]io.lettuce.core.EpollProvider.<clinit>:68 -Starting without optional epoll library
2020-12-08 00:22:22.324 INFO [http-nio-8080-exec-10]io.lettuce.core.KqueueProvider.<clinit>:70 -Starting without optional kqueue library
2020-12-08 00:22:29.743 INFO [http-nio-8080-exec-2]com.yjq.programmer.interceptor.home.UserLoginInterceptor.preHandle:49 -当前URL=/home/product/fruit
2020-12-08 00:22:29.743 INFO [http-nio-8080-exec-2]com.yjq.programmer.interceptor.home.UserLoginInterceptor.preHandle:50 -当前路径获取到的token=eyJ0eXAiOiJKV1QiLCJhbGciOiJIUzI1NiJ9.eyJwaG9uZSI6IjEzNTA4MzkyMzQ0IiwiaWQiOiIxMiIsImV4cCI6MTYwNzk2Mjk0MiwiaGVhZFBpYyI6ImNvbW1vbi91c2VyX2ltZy5qcGciLCJlbWFpbCI6IjI1NDU0MDQ1N0BxcS5jb20iLCJ1c2VybmFtZSI6InVzZXIyIn0.ADrrAumjppdoYfhYIU8xLkmuk3QgVLxKa5y4zCycdS4
2020-12-08 00:22:35.415 INFO [http-nio-8080-exec-6]com.yjq.programmer.interceptor.home.UserLoginInterceptor.preHandle:49 -当前URL=/home/cart/add
2020-12-08 00:22:35.415 INFO [http-nio-8080-exec-6]com.yjq.programmer.interceptor.home.UserLoginInterceptor.preHandle:50 -当前路径获取到的token=eyJ0eXAiOiJKV1QiLCJhbGciOiJIUzI1NiJ9.eyJwaG9uZSI6IjEzNTA4MzkyMzQ0IiwiaWQiOiIxMiIsImV4cCI6MTYwNzk2Mjk0MiwiaGVhZFBpYyI6ImNvbW1vbi91c2VyX2ltZy5qcGciLCJlbWFpbCI6IjI1NDU0MDQ1N0BxcS5jb20iLCJ1c2VybmFtZSI6InVzZXIyIn0.ADrrAumjppdoYfhYIU8xLkmuk3QgVLxKa5y4zCycdS4
2020-12-08 00:22:36.511 INFO [http-nio-8080-exec-8]com.yjq.programmer.interceptor.home.UserLoginInterceptor.preHandle:49 -当前URL=/home/product/fruit
2020-12-08 00:22:36.512 INFO [http-nio-8080-exec-8]com.yjq.programmer.interceptor.home.UserLoginInterceptor.preHandle:50 -当前路径获取到的token=eyJ0eXAiOiJKV1QiLCJhbGciOiJIUzI1NiJ9.eyJwaG9uZSI6IjEzNTA4MzkyMzQ0IiwiaWQiOiIxMiIsImV4cCI6MTYwNzk2Mjk0MiwiaGVhZFBpYyI6ImNvbW1vbi91c2VyX2ltZy5qcGciLCJlbWFpbCI6IjI1NDU0MDQ1N0BxcS5jb20iLCJ1c2VybmFtZSI6InVzZXIyIn0.ADrrAumjppdoYfhYIU8xLkmuk3QgVLxKa5y4zCycdS4
2020-12-08 00:22:39.530 INFO [http-nio-8080-exec-1]com.yjq.programmer.interceptor.home.UserLoginInterceptor.preHandle:49 -当前URL=/home/cart/add
2020-12-08 00:22:39.531 INFO [http-nio-8080-exec-1]com.yjq.programmer.interceptor.home.UserLoginInterceptor.preHandle:50 -当前路径获取到的token=eyJ0eXAiOiJKV1QiLCJhbGciOiJIUzI1NiJ9.eyJwaG9uZSI6IjEzNTA4MzkyMzQ0IiwiaWQiOiIxMiIsImV4cCI6MTYwNzk2Mjk0MiwiaGVhZFBpYyI6ImNvbW1vbi91c2VyX2ltZy5qcGciLCJlbWFpbCI6IjI1NDU0MDQ1N0BxcS5jb20iLCJ1c2VybmFtZSI6InVzZXIyIn0.ADrrAumjppdoYfhYIU8xLkmuk3QgVLxKa5y4zCycdS4
2020-12-08 00:22:40.550 INFO [http-nio-8080-exec-9]com.yjq.programmer.interceptor.home.UserLoginInterceptor.preHandle:49 -当前URL=/home/product/fruit
2020-12-08 00:22:40.550 INFO [http-nio-8080-exec-9]com.yjq.programmer.interceptor.home.UserLoginInterceptor.preHandle:50 -当前路径获取到的token=eyJ0eXAiOiJKV1QiLCJhbGciOiJIUzI1NiJ9.eyJwaG9uZSI6IjEzNTA4MzkyMzQ0IiwiaWQiOiIxMiIsImV4cCI6MTYwNzk2Mjk0MiwiaGVhZFBpYyI6ImNvbW1vbi91c2VyX2ltZy5qcGciLCJlbWFpbCI6IjI1NDU0MDQ1N0BxcS5jb20iLCJ1c2VybmFtZSI6InVzZXIyIn0.ADrrAumjppdoYfhYIU8xLkmuk3QgVLxKa5y4zCycdS4
2020-12-08 00:22:45.986 INFO [http-nio-8080-exec-7]com.yjq.programmer.interceptor.home.UserLoginInterceptor.preHandle:49 -当前URL=/home/cart/index
2020-12-08 00:22:45.986 INFO [http-nio-8080-exec-7]com.yjq.programmer.interceptor.home.UserLoginInterceptor.preHandle:50 -当前路径获取到的token=eyJ0eXAiOiJKV1QiLCJhbGciOiJIUzI1NiJ9.eyJwaG9uZSI6IjEzNTA4MzkyMzQ0IiwiaWQiOiIxMiIsImV4cCI6MTYwNzk2Mjk0MiwiaGVhZFBpYyI6ImNvbW1vbi91c2VyX2ltZy5qcGciLCJlbWFpbCI6IjI1NDU0MDQ1N0BxcS5jb20iLCJ1c2VybmFtZSI6InVzZXIyIn0.ADrrAumjppdoYfhYIU8xLkmuk3QgVLxKa5y4zCycdS4
2020-12-08 00:22:50.700 INFO [http-nio-8080-exec-1]com.yjq.programmer.interceptor.home.UserLoginInterceptor.preHandle:49 -当前URL=/home/cart/update
2020-12-08 00:22:50.700 INFO [http-nio-8080-exec-1]com.yjq.programmer.interceptor.home.UserLoginInterceptor.preHandle:50 -当前路径获取到的token=eyJ0eXAiOiJKV1QiLCJhbGciOiJIUzI1NiJ9.eyJwaG9uZSI6IjEzNTA4MzkyMzQ0IiwiaWQiOiIxMiIsImV4cCI6MTYwNzk2Mjk0MiwiaGVhZFBpYyI6ImNvbW1vbi91c2VyX2ltZy5qcGciLCJlbWFpbCI6IjI1NDU0MDQ1N0BxcS5jb20iLCJ1c2VybmFtZSI6InVzZXIyIn0.ADrrAumjppdoYfhYIU8xLkmuk3QgVLxKa5y4zCycdS4
2020-12-08 00:22:50.742 INFO [http-nio-8080-exec-2]com.yjq.programmer.interceptor.home.UserLoginInterceptor.preHandle:49 -当前URL=/home/cart/index
2020-12-08 00:22:50.743 INFO [http-nio-8080-exec-2]com.yjq.programmer.interceptor.home.UserLoginInterceptor.preHandle:50 -当前路径获取到的token=eyJ0eXAiOiJKV1QiLCJhbGciOiJIUzI1NiJ9.eyJwaG9uZSI6IjEzNTA4MzkyMzQ0IiwiaWQiOiIxMiIsImV4cCI6MTYwNzk2Mjk0MiwiaGVhZFBpYyI6ImNvbW1vbi91c2VyX2ltZy5qcGciLCJlbWFpbCI6IjI1NDU0MDQ1N0BxcS5jb20iLCJ1c2VybmFtZSI6InVzZXIyIn0.ADrrAumjppdoYfhYIU8xLkmuk3QgVLxKa5y4zCycdS4
2020-12-08 00:22:58.595 INFO [http-nio-8080-exec-1]com.yjq.programmer.interceptor.home.UserLoginInterceptor.preHandle:49 -当前URL=/home/user/info
2020-12-08 00:22:58.595 INFO [http-nio-8080-exec-1]com.yjq.programmer.interceptor.home.UserLoginInterceptor.preHandle:50 -当前路径获取到的token=eyJ0eXAiOiJKV1QiLCJhbGciOiJIUzI1NiJ9.eyJwaG9uZSI6IjEzNTA4MzkyMzQ0IiwiaWQiOiIxMiIsImV4cCI6MTYwNzk2Mjk0MiwiaGVhZFBpYyI6ImNvbW1vbi91c2VyX2ltZy5qcGciLCJlbWFpbCI6IjI1NDU0MDQ1N0BxcS5jb20iLCJ1c2VybmFtZSI6InVzZXIyIn0.ADrrAumjppdoYfhYIU8xLkmuk3QgVLxKa5y4zCycdS4
2020-12-08 00:23:02.746 INFO [http-nio-8080-exec-10]com.yjq.programmer.interceptor.home.UserLoginInterceptor.preHandle:49 -当前URL=/home/address/index
2020-12-08 00:23:02.746 INFO [http-nio-8080-exec-10]com.yjq.programmer.interceptor.home.UserLoginInterceptor.preHandle:50 -当前路径获取到的token=eyJ0eXAiOiJKV1QiLCJhbGciOiJIUzI1NiJ9.eyJwaG9uZSI6IjEzNTA4MzkyMzQ0IiwiaWQiOiIxMiIsImV4cCI6MTYwNzk2Mjk0MiwiaGVhZFBpYyI6ImNvbW1vbi91c2VyX2ltZy5qcGciLCJlbWFpbCI6IjI1NDU0MDQ1N0BxcS5jb20iLCJ1c2VybmFtZSI6InVzZXIyIn0.ADrrAumjppdoYfhYIU8xLkmuk3QgVLxKa5y4zCycdS4
2020-12-08 00:23:02.927 INFO [http-nio-8080-exec-10]com.yjq.programmer.interceptor.home.UserLoginInterceptor.preHandle:49 -当前URL=/static/home/images/AD_page_img_02.png
2020-12-08 00:23:02.928 INFO [http-nio-8080-exec-10]com.yjq.programmer.interceptor.home.UserLoginInterceptor.preHandle:50 -当前路径获取到的token=eyJ0eXAiOiJKV1QiLCJhbGciOiJIUzI1NiJ9.eyJwaG9uZSI6IjEzNTA4MzkyMzQ0IiwiaWQiOiIxMiIsImV4cCI6MTYwNzk2Mjk0MiwiaGVhZFBpYyI6ImNvbW1vbi91c2VyX2ltZy5qcGciLCJlbWFpbCI6IjI1NDU0MDQ1N0BxcS5jb20iLCJ1c2VybmFtZSI6InVzZXIyIn0.ADrrAumjppdoYfhYIU8xLkmuk3QgVLxKa5y4zCycdS4
2020-12-08 00:23:19.117 INFO [http-nio-8080-exec-5]com.yjq.programmer.interceptor.home.UserLoginInterceptor.preHandle:49 -当前URL=/home/address/add
2020-12-08 00:23:19.117 INFO [http-nio-8080-exec-5]com.yjq.programmer.interceptor.home.UserLoginInterceptor.preHandle:50 -当前路径获取到的token=eyJ0eXAiOiJKV1QiLCJhbGciOiJIUzI1NiJ9.eyJwaG9uZSI6IjEzNTA4MzkyMzQ0IiwiaWQiOiIxMiIsImV4cCI6MTYwNzk2Mjk0MiwiaGVhZFBpYyI6ImNvbW1vbi91c2VyX2ltZy5qcGciLCJlbWFpbCI6IjI1NDU0MDQ1N0BxcS5jb20iLCJ1c2VybmFtZSI6InVzZXIyIn0.ADrrAumjppdoYfhYIU8xLkmuk3QgVLxKa5y4zCycdS4
2020-12-08 00:23:20.220 INFO [http-nio-8080-exec-8]com.yjq.programmer.interceptor.home.UserLoginInterceptor.preHandle:49 -当前URL=/home/address/index
2020-12-08 00:23:20.220 INFO [http-nio-8080-exec-8]com.yjq.programmer.interceptor.home.UserLoginInterceptor.preHandle:50 -当前路径获取到的token=eyJ0eXAiOiJKV1QiLCJhbGciOiJIUzI1NiJ9.eyJwaG9uZSI6IjEzNTA4MzkyMzQ0IiwiaWQiOiIxMiIsImV4cCI6MTYwNzk2Mjk0MiwiaGVhZFBpYyI6ImNvbW1vbi91c2VyX2ltZy5qcGciLCJlbWFpbCI6IjI1NDU0MDQ1N0BxcS5jb20iLCJ1c2VybmFtZSI6InVzZXIyIn0.ADrrAumjppdoYfhYIU8xLkmuk3QgVLxKa5y4zCycdS4
2020-12-08 00:23:20.347 INFO [http-nio-8080-exec-3]com.yjq.programmer.interceptor.home.UserLoginInterceptor.preHandle:49 -当前URL=/static/home/images/AD_page_img_02.png
2020-12-08 00:23:20.347 INFO [http-nio-8080-exec-3]com.yjq.programmer.interceptor.home.UserLoginInterceptor.preHandle:50 -当前路径获取到的token=eyJ0eXAiOiJKV1QiLCJhbGciOiJIUzI1NiJ9.eyJwaG9uZSI6IjEzNTA4MzkyMzQ0IiwiaWQiOiIxMiIsImV4cCI6MTYwNzk2Mjk0MiwiaGVhZFBpYyI6ImNvbW1vbi91c2VyX2ltZy5qcGciLCJlbWFpbCI6IjI1NDU0MDQ1N0BxcS5jb20iLCJ1c2VybmFtZSI6InVzZXIyIn0.ADrrAumjppdoYfhYIU8xLkmuk3QgVLxKa5y4zCycdS4
2020-12-08 00:23:31.412 INFO [http-nio-8080-exec-8]com.yjq.programmer.interceptor.home.UserLoginInterceptor.preHandle:49 -当前URL=/home/address/add
2020-12-08 00:23:31.412 INFO [http-nio-8080-exec-8]com.yjq.programmer.interceptor.home.UserLoginInterceptor.preHandle:50 -当前路径获取到的token=eyJ0eXAiOiJKV1QiLCJhbGciOiJIUzI1NiJ9.eyJwaG9uZSI6IjEzNTA4MzkyMzQ0IiwiaWQiOiIxMiIsImV4cCI6MTYwNzk2Mjk0MiwiaGVhZFBpYyI6ImNvbW1vbi91c2VyX2ltZy5qcGciLCJlbWFpbCI6IjI1NDU0MDQ1N0BxcS5jb20iLCJ1c2VybmFtZSI6InVzZXIyIn0.ADrrAumjppdoYfhYIU8xLkmuk3QgVLxKa5y4zCycdS4
2020-12-08 00:23:32.336 INFO [http-nio-8080-exec-4]com.yjq.programmer.interceptor.home.UserLoginInterceptor.preHandle:49 -当前URL=/home/address/index
2020-12-08 00:23:32.336 INFO [http-nio-8080-exec-4]com.yjq.programmer.interceptor.home.UserLoginInterceptor.preHandle:50 -当前路径获取到的token=eyJ0eXAiOiJKV1QiLCJhbGciOiJIUzI1NiJ9.eyJwaG9uZSI6IjEzNTA4MzkyMzQ0IiwiaWQiOiIxMiIsImV4cCI6MTYwNzk2Mjk0MiwiaGVhZFBpYyI6ImNvbW1vbi91c2VyX2ltZy5qcGciLCJlbWFpbCI6IjI1NDU0MDQ1N0BxcS5jb20iLCJ1c2VybmFtZSI6InVzZXIyIn0.ADrrAumjppdoYfhYIU8xLkmuk3QgVLxKa5y4zCycdS4
2020-12-08 00:23:32.472 INFO [http-nio-8080-exec-2]com.yjq.programmer.interceptor.home.UserLoginInterceptor.preHandle:49 -当前URL=/static/home/images/AD_page_img_02.png
2020-12-08 00:23:32.473 INFO [http-nio-8080-exec-2]com.yjq.programmer.interceptor.home.UserLoginInterceptor.preHandle:50 -当前路径获取到的token=eyJ0eXAiOiJKV1QiLCJhbGciOiJIUzI1NiJ9.eyJwaG9uZSI6IjEzNTA4MzkyMzQ0IiwiaWQiOiIxMiIsImV4cCI6MTYwNzk2Mjk0MiwiaGVhZFBpYyI6ImNvbW1vbi91c2VyX2ltZy5qcGciLCJlbWFpbCI6IjI1NDU0MDQ1N0BxcS5jb20iLCJ1c2VybmFtZSI6InVzZXIyIn0.ADrrAumjppdoYfhYIU8xLkmuk3QgVLxKa5y4zCycdS4
2020-12-08 00:23:37.292 INFO [http-nio-8080-exec-6]com.yjq.programmer.interceptor.home.UserLoginInterceptor.preHandle:49 -当前URL=/home/address/set_first_selected
2020-12-08 00:23:37.292 INFO [http-nio-8080-exec-6]com.yjq.programmer.interceptor.home.UserLoginInterceptor.preHandle:50 -当前路径获取到的token=eyJ0eXAiOiJKV1QiLCJhbGciOiJIUzI1NiJ9.eyJwaG9uZSI6IjEzNTA4MzkyMzQ0IiwiaWQiOiIxMiIsImV4cCI6MTYwNzk2Mjk0MiwiaGVhZFBpYyI6ImNvbW1vbi91c2VyX2ltZy5qcGciLCJlbWFpbCI6IjI1NDU0MDQ1N0BxcS5jb20iLCJ1c2VybmFtZSI6InVzZXIyIn0.ADrrAumjppdoYfhYIU8xLkmuk3QgVLxKa5y4zCycdS4
2020-12-08 00:23:38.200 INFO [http-nio-8080-exec-4]com.yjq.programmer.interceptor.home.UserLoginInterceptor.preHandle:49 -当前URL=/home/address/index
2020-12-08 00:23:38.200 INFO [http-nio-8080-exec-4]com.yjq.programmer.interceptor.home.UserLoginInterceptor.preHandle:50 -当前路径获取到的token=eyJ0eXAiOiJKV1QiLCJhbGciOiJIUzI1NiJ9.eyJwaG9uZSI6IjEzNTA4MzkyMzQ0IiwiaWQiOiIxMiIsImV4cCI6MTYwNzk2Mjk0MiwiaGVhZFBpYyI6ImNvbW1vbi91c2VyX2ltZy5qcGciLCJlbWFpbCI6IjI1NDU0MDQ1N0BxcS5jb20iLCJ1c2VybmFtZSI6InVzZXIyIn0.ADrrAumjppdoYfhYIU8xLkmuk3QgVLxKa5y4zCycdS4
2020-12-08 00:23:38.343 INFO [http-nio-8080-exec-1]com.yjq.programmer.interceptor.home.UserLoginInterceptor.preHandle:49 -当前URL=/static/home/images/AD_page_img_02.png
2020-12-08 00:23:38.344 INFO [http-nio-8080-exec-1]com.yjq.programmer.interceptor.home.UserLoginInterceptor.preHandle:50 -当前路径获取到的token=eyJ0eXAiOiJKV1QiLCJhbGciOiJIUzI1NiJ9.eyJwaG9uZSI6IjEzNTA4MzkyMzQ0IiwiaWQiOiIxMiIsImV4cCI6MTYwNzk2Mjk0MiwiaGVhZFBpYyI6ImNvbW1vbi91c2VyX2ltZy5qcGciLCJlbWFpbCI6IjI1NDU0MDQ1N0BxcS5jb20iLCJ1c2VybmFtZSI6InVzZXIyIn0.ADrrAumjppdoYfhYIU8xLkmuk3QgVLxKa5y4zCycdS4
2020-12-08 00:23:42.885 INFO [http-nio-8080-exec-5]com.yjq.programmer.interceptor.home.UserLoginInterceptor.preHandle:49 -当前URL=/home/user/info
2020-12-08 00:23:42.886 INFO [http-nio-8080-exec-5]com.yjq.programmer.interceptor.home.UserLoginInterceptor.preHandle:50 -当前路径获取到的token=eyJ0eXAiOiJKV1QiLCJhbGciOiJIUzI1NiJ9.eyJwaG9uZSI6IjEzNTA4MzkyMzQ0IiwiaWQiOiIxMiIsImV4cCI6MTYwNzk2Mjk0MiwiaGVhZFBpYyI6ImNvbW1vbi91c2VyX2ltZy5qcGciLCJlbWFpbCI6IjI1NDU0MDQ1N0BxcS5jb20iLCJ1c2VybmFtZSI6InVzZXIyIn0.ADrrAumjppdoYfhYIU8xLkmuk3QgVLxKa5y4zCycdS4
2020-12-08 00:23:44.590 INFO [http-nio-8080-exec-5]com.yjq.programmer.interceptor.home.UserLoginInterceptor.preHandle:49 -当前URL=/home/user/update_passwd
2020-12-08 00:23:44.590 INFO [http-nio-8080-exec-5]com.yjq.programmer.interceptor.home.UserLoginInterceptor.preHandle:50 -当前路径获取到的token=eyJ0eXAiOiJKV1QiLCJhbGciOiJIUzI1NiJ9.eyJwaG9uZSI6IjEzNTA4MzkyMzQ0IiwiaWQiOiIxMiIsImV4cCI6MTYwNzk2Mjk0MiwiaGVhZFBpYyI6ImNvbW1vbi91c2VyX2ltZy5qcGciLCJlbWFpbCI6IjI1NDU0MDQ1N0BxcS5jb20iLCJ1c2VybmFtZSI6InVzZXIyIn0.ADrrAumjppdoYfhYIU8xLkmuk3QgVLxKa5y4zCycdS4
2020-12-08 00:23:46.464 INFO [http-nio-8080-exec-2]com.yjq.programmer.interceptor.home.UserLoginInterceptor.preHandle:49 -当前URL=/home/user/order
2020-12-08 00:23:46.465 INFO [http-nio-8080-exec-2]com.yjq.programmer.interceptor.home.UserLoginInterceptor.preHandle:50 -当前路径获取到的token=eyJ0eXAiOiJKV1QiLCJhbGciOiJIUzI1NiJ9.eyJwaG9uZSI6IjEzNTA4MzkyMzQ0IiwiaWQiOiIxMiIsImV4cCI6MTYwNzk2Mjk0MiwiaGVhZFBpYyI6ImNvbW1vbi91c2VyX2ltZy5qcGciLCJlbWFpbCI6IjI1NDU0MDQ1N0BxcS5jb20iLCJ1c2VybmFtZSI6InVzZXIyIn0.ADrrAumjppdoYfhYIU8xLkmuk3QgVLxKa5y4zCycdS4
2020-12-08 00:23:50.942 INFO [http-nio-8080-exec-2]com.yjq.programmer.interceptor.home.UserLoginInterceptor.preHandle:49 -当前URL=/home/user/comment
2020-12-08 00:23:50.943 INFO [http-nio-8080-exec-2]com.yjq.programmer.interceptor.home.UserLoginInterceptor.preHandle:50 -当前路径获取到的token=eyJ0eXAiOiJKV1QiLCJhbGciOiJIUzI1NiJ9.eyJwaG9uZSI6IjEzNTA4MzkyMzQ0IiwiaWQiOiIxMiIsImV4cCI6MTYwNzk2Mjk0MiwiaGVhZFBpYyI6ImNvbW1vbi91c2VyX2ltZy5qcGciLCJlbWFpbCI6IjI1NDU0MDQ1N0BxcS5jb20iLCJ1c2VybmFtZSI6InVzZXIyIn0.ADrrAumjppdoYfhYIU8xLkmuk3QgVLxKa5y4zCycdS4
2020-12-08 00:23:55.313 INFO [http-nio-8080-exec-3]com.yjq.programmer.interceptor.home.UserLoginInterceptor.preHandle:49 -当前URL=/home/collect/index
2020-12-08 00:23:55.314 INFO [http-nio-8080-exec-3]com.yjq.programmer.interceptor.home.UserLoginInterceptor.preHandle:50 -当前路径获取到的token=eyJ0eXAiOiJKV1QiLCJhbGciOiJIUzI1NiJ9.eyJwaG9uZSI6IjEzNTA4MzkyMzQ0IiwiaWQiOiIxMiIsImV4cCI6MTYwNzk2Mjk0MiwiaGVhZFBpYyI6ImNvbW1vbi91c2VyX2ltZy5qcGciLCJlbWFpbCI6IjI1NDU0MDQ1N0BxcS5jb20iLCJ1c2VybmFtZSI6InVzZXIyIn0.ADrrAumjppdoYfhYIU8xLkmuk3QgVLxKa5y4zCycdS4
2020-12-08 00:23:58.477 INFO [http-nio-8080-exec-8]com.yjq.programmer.interceptor.home.UserLoginInterceptor.preHandle:49 -当前URL=/home/product/fruit
2020-12-08 00:23:58.478 INFO [http-nio-8080-exec-8]com.yjq.programmer.interceptor.home.UserLoginInterceptor.preHandle:50 -当前路径获取到的token=eyJ0eXAiOiJKV1QiLCJhbGciOiJIUzI1NiJ9.eyJwaG9uZSI6IjEzNTA4MzkyMzQ0IiwiaWQiOiIxMiIsImV4cCI6MTYwNzk2Mjk0MiwiaGVhZFBpYyI6ImNvbW1vbi91c2VyX2ltZy5qcGciLCJlbWFpbCI6IjI1NDU0MDQ1N0BxcS5jb20iLCJ1c2VybmFtZSI6InVzZXIyIn0.ADrrAumjppdoYfhYIU8xLkmuk3QgVLxKa5y4zCycdS4
2020-12-08 00:24:00.203 INFO [http-nio-8080-exec-7]com.yjq.programmer.interceptor.home.UserLoginInterceptor.preHandle:49 -当前URL=/home/product/detail
2020-12-08 00:24:00.204 INFO [http-nio-8080-exec-7]com.yjq.programmer.interceptor.home.UserLoginInterceptor.preHandle:50 -当前路径获取到的token=eyJ0eXAiOiJKV1QiLCJhbGciOiJIUzI1NiJ9.eyJwaG9uZSI6IjEzNTA4MzkyMzQ0IiwiaWQiOiIxMiIsImV4cCI6MTYwNzk2Mjk0MiwiaGVhZFBpYyI6ImNvbW1vbi91c2VyX2ltZy5qcGciLCJlbWFpbCI6IjI1NDU0MDQ1N0BxcS5jb20iLCJ1c2VybmFtZSI6InVzZXIyIn0.ADrrAumjppdoYfhYIU8xLkmuk3QgVLxKa5y4zCycdS4
2020-12-08 00:24:10.894 INFO [http-nio-8080-exec-10]com.yjq.programmer.interceptor.home.UserLoginInterceptor.preHandle:49 -当前URL=/home/collect/add
2020-12-08 00:24:10.894 INFO [http-nio-8080-exec-10]com.yjq.programmer.interceptor.home.UserLoginInterceptor.preHandle:50 -当前路径获取到的token=eyJ0eXAiOiJKV1QiLCJhbGciOiJIUzI1NiJ9.eyJwaG9uZSI6IjEzNTA4MzkyMzQ0IiwiaWQiOiIxMiIsImV4cCI6MTYwNzk2Mjk0MiwiaGVhZFBpYyI6ImNvbW1vbi91c2VyX2ltZy5qcGciLCJlbWFpbCI6IjI1NDU0MDQ1N0BxcS5jb20iLCJ1c2VybmFtZSI6InVzZXIyIn0.ADrrAumjppdoYfhYIU8xLkmuk3QgVLxKa5y4zCycdS4
2020-12-08 00:24:17.029 INFO [http-nio-8080-exec-8]com.yjq.programmer.interceptor.home.UserLoginInterceptor.preHandle:49 -当前URL=/home/product/detail
2020-12-08 00:24:17.030 INFO [http-nio-8080-exec-8]com.yjq.programmer.interceptor.home.UserLoginInterceptor.preHandle:50 -当前路径获取到的token=eyJ0eXAiOiJKV1QiLCJhbGciOiJIUzI1NiJ9.eyJwaG9uZSI6IjEzNTA4MzkyMzQ0IiwiaWQiOiIxMiIsImV4cCI6MTYwNzk2Mjk0MiwiaGVhZFBpYyI6ImNvbW1vbi91c2VyX2ltZy5qcGciLCJlbWFpbCI6IjI1NDU0MDQ1N0BxcS5jb20iLCJ1c2VybmFtZSI6InVzZXIyIn0.ADrrAumjppdoYfhYIU8xLkmuk3QgVLxKa5y4zCycdS4
2020-12-08 00:24:18.771 INFO [http-nio-8080-exec-9]com.yjq.programmer.interceptor.home.UserLoginInterceptor.preHandle:49 -当前URL=/home/collect/add
2020-12-08 00:24:18.772 INFO [http-nio-8080-exec-9]com.yjq.programmer.interceptor.home.UserLoginInterceptor.preHandle:50 -当前路径获取到的token=eyJ0eXAiOiJKV1QiLCJhbGciOiJIUzI1NiJ9.eyJwaG9uZSI6IjEzNTA4MzkyMzQ0IiwiaWQiOiIxMiIsImV4cCI6MTYwNzk2Mjk0MiwiaGVhZFBpYyI6ImNvbW1vbi91c2VyX2ltZy5qcGciLCJlbWFpbCI6IjI1NDU0MDQ1N0BxcS5jb20iLCJ1c2VybmFtZSI6InVzZXIyIn0.ADrrAumjppdoYfhYIU8xLkmuk3QgVLxKa5y4zCycdS4
2020-12-08 00:24:24.091 INFO [http-nio-8080-exec-7]com.yjq.programmer.interceptor.home.UserLoginInterceptor.preHandle:49 -当前URL=/home/user/info
2020-12-08 00:24:24.091 INFO [http-nio-8080-exec-7]com.yjq.programmer.interceptor.home.UserLoginInterceptor.preHandle:50 -当前路径获取到的token=eyJ0eXAiOiJKV1QiLCJhbGciOiJIUzI1NiJ9.eyJwaG9uZSI6IjEzNTA4MzkyMzQ0IiwiaWQiOiIxMiIsImV4cCI6MTYwNzk2Mjk0MiwiaGVhZFBpYyI6ImNvbW1vbi91c2VyX2ltZy5qcGciLCJlbWFpbCI6IjI1NDU0MDQ1N0BxcS5jb20iLCJ1c2VybmFtZSI6InVzZXIyIn0.ADrrAumjppdoYfhYIU8xLkmuk3QgVLxKa5y4zCycdS4
2020-12-08 00:24:30.112 INFO [http-nio-8080-exec-9]com.yjq.programmer.interceptor.home.UserLoginInterceptor.preHandle:49 -当前URL=/home/collect/index
2020-12-08 00:24:30.112 INFO [http-nio-8080-exec-9]com.yjq.programmer.interceptor.home.UserLoginInterceptor.preHandle:50 -当前路径获取到的token=eyJ0eXAiOiJKV1QiLCJhbGciOiJIUzI1NiJ9.eyJwaG9uZSI6IjEzNTA4MzkyMzQ0IiwiaWQiOiIxMiIsImV4cCI6MTYwNzk2Mjk0MiwiaGVhZFBpYyI6ImNvbW1vbi91c2VyX2ltZy5qcGciLCJlbWFpbCI6IjI1NDU0MDQ1N0BxcS5jb20iLCJ1c2VybmFtZSI6InVzZXIyIn0.ADrrAumjppdoYfhYIU8xLkmuk3QgVLxKa5y4zCycdS4
2020-12-08 00:24:41.859 INFO [http-nio-8080-exec-10]com.yjq.programmer.interceptor.home.UserLoginInterceptor.preHandle:49 -当前URL=/home/cart/index
2020-12-08 00:24:41.860 INFO [http-nio-8080-exec-10]com.yjq.programmer.interceptor.home.UserLoginInterceptor.preHandle:50 -当前路径获取到的token=eyJ0eXAiOiJKV1QiLCJhbGciOiJIUzI1NiJ9.eyJwaG9uZSI6IjEzNTA4MzkyMzQ0IiwiaWQiOiIxMiIsImV4cCI6MTYwNzk2Mjk0MiwiaGVhZFBpYyI6ImNvbW1vbi91c2VyX2ltZy5qcGciLCJlbWFpbCI6IjI1NDU0MDQ1N0BxcS5jb20iLCJ1c2VybmFtZSI6InVzZXIyIn0.ADrrAumjppdoYfhYIU8xLkmuk3QgVLxKa5y4zCycdS4
2020-12-08 00:24:50.134 INFO [http-nio-8080-exec-3]com.yjq.programmer.interceptor.home.UserLoginInterceptor.preHandle:49 -当前URL=/home/order/generate
2020-12-08 00:24:50.135 INFO [http-nio-8080-exec-3]com.yjq.programmer.interceptor.home.UserLoginInterceptor.preHandle:50 -当前路径获取到的token=eyJ0eXAiOiJKV1QiLCJhbGciOiJIUzI1NiJ9.eyJwaG9uZSI6IjEzNTA4MzkyMzQ0IiwiaWQiOiIxMiIsImV4cCI6MTYwNzk2Mjk0MiwiaGVhZFBpYyI6ImNvbW1vbi91c2VyX2ltZy5qcGciLCJlbWFpbCI6IjI1NDU0MDQ1N0BxcS5jb20iLCJ1c2VybmFtZSI6InVzZXIyIn0.ADrrAumjppdoYfhYIU8xLkmuk3QgVLxKa5y4zCycdS4
2020-12-08 00:24:50.194 INFO [http-nio-8080-exec-10]com.yjq.programmer.interceptor.home.UserLoginInterceptor.preHandle:49 -当前URL=/home/order/index
2020-12-08 00:24:50.195 INFO [http-nio-8080-exec-10]com.yjq.programmer.interceptor.home.UserLoginInterceptor.preHandle:50 -当前路径获取到的token=eyJ0eXAiOiJKV1QiLCJhbGciOiJIUzI1NiJ9.eyJwaG9uZSI6IjEzNTA4MzkyMzQ0IiwiaWQiOiIxMiIsImV4cCI6MTYwNzk2Mjk0MiwiaGVhZFBpYyI6ImNvbW1vbi91c2VyX2ltZy5qcGciLCJlbWFpbCI6IjI1NDU0MDQ1N0BxcS5jb20iLCJ1c2VybmFtZSI6InVzZXIyIn0.ADrrAumjppdoYfhYIU8xLkmuk3QgVLxKa5y4zCycdS4
2020-12-08 00:24:55.812 INFO [http-nio-8080-exec-4]com.yjq.programmer.interceptor.home.UserLoginInterceptor.preHandle:49 -当前URL=/home/address/index
2020-12-08 00:24:55.813 INFO [http-nio-8080-exec-4]com.yjq.programmer.interceptor.home.UserLoginInterceptor.preHandle:50 -当前路径获取到的token=eyJ0eXAiOiJKV1QiLCJhbGciOiJIUzI1NiJ9.eyJwaG9uZSI6IjEzNTA4MzkyMzQ0IiwiaWQiOiIxMiIsImV4cCI6MTYwNzk2Mjk0MiwiaGVhZFBpYyI6ImNvbW1vbi91c2VyX2ltZy5qcGciLCJlbWFpbCI6IjI1NDU0MDQ1N0BxcS5jb20iLCJ1c2VybmFtZSI6InVzZXIyIn0.ADrrAumjppdoYfhYIU8xLkmuk3QgVLxKa5y4zCycdS4
2020-12-08 00:24:55.958 INFO [http-nio-8080-exec-8]com.yjq.programmer.interceptor.home.UserLoginInterceptor.preHandle:49 -当前URL=/static/home/images/AD_page_img_02.png
2020-12-08 00:24:55.958 INFO [http-nio-8080-exec-8]com.yjq.programmer.interceptor.home.UserLoginInterceptor.preHandle:50 -当前路径获取到的token=eyJ0eXAiOiJKV1QiLCJhbGciOiJIUzI1NiJ9.eyJwaG9uZSI6IjEzNTA4MzkyMzQ0IiwiaWQiOiIxMiIsImV4cCI6MTYwNzk2Mjk0MiwiaGVhZFBpYyI6ImNvbW1vbi91c2VyX2ltZy5qcGciLCJlbWFpbCI6IjI1NDU0MDQ1N0BxcS5jb20iLCJ1c2VybmFtZSI6InVzZXIyIn0.ADrrAumjppdoYfhYIU8xLkmuk3QgVLxKa5y4zCycdS4
2020-12-08 00:25:12.269 INFO [http-nio-8080-exec-9]com.yjq.programmer.interceptor.home.UserLoginInterceptor.preHandle:49 -当前URL=/home/order/submit
2020-12-08 00:25:12.270 INFO [http-nio-8080-exec-9]com.yjq.programmer.interceptor.home.UserLoginInterceptor.preHandle:50 -当前路径获取到的token=eyJ0eXAiOiJKV1QiLCJhbGciOiJIUzI1NiJ9.eyJwaG9uZSI6IjEzNTA4MzkyMzQ0IiwiaWQiOiIxMiIsImV4cCI6MTYwNzk2Mjk0MiwiaGVhZFBpYyI6ImNvbW1vbi91c2VyX2ltZy5qcGciLCJlbWFpbCI6IjI1NDU0MDQ1N0BxcS5jb20iLCJ1c2VybmFtZSI6InVzZXIyIn0.ADrrAumjppdoYfhYIU8xLkmuk3QgVLxKa5y4zCycdS4
2020-12-08 00:25:36.299 INFO [http-nio-8080-exec-2]com.yjq.programmer.interceptor.home.UserLoginInterceptor.preHandle:49 -当前URL=/home/user/order
2020-12-08 00:25:36.300 INFO [http-nio-8080-exec-2]com.yjq.programmer.interceptor.home.UserLoginInterceptor.preHandle:50 -当前路径获取到的token=eyJ0eXAiOiJKV1QiLCJhbGciOiJIUzI1NiJ9.eyJwaG9uZSI6IjEzNTA4MzkyMzQ0IiwiaWQiOiIxMiIsImV4cCI6MTYwNzk2Mjk0MiwiaGVhZFBpYyI6ImNvbW1vbi91c2VyX2ltZy5qcGciLCJlbWFpbCI6IjI1NDU0MDQ1N0BxcS5jb20iLCJ1c2VybmFtZSI6InVzZXIyIn0.ADrrAumjppdoYfhYIU8xLkmuk3QgVLxKa5y4zCycdS4
2020-12-08 00:26:24.744 INFO [http-nio-8080-exec-7]com.yjq.programmer.controller.common.CpachaController.generateCpacha:51 -验证码成功生成，method=admin_login,value=Zx36
2020-12-08 00:26:27.485 INFO [http-nio-8080-exec-4]com.yjq.programmer.controller.common.CpachaController.generateCpacha:51 -验证码成功生成，method=admin_login,value=qJqW
2020-12-08 00:30:27.794 INFO [http-nio-8080-exec-4]com.yjq.programmer.interceptor.home.UserLoginInterceptor.preHandle:49 -当前URL=/home/user/order
2020-12-08 00:30:27.794 INFO [http-nio-8080-exec-4]com.yjq.programmer.interceptor.home.UserLoginInterceptor.preHandle:50 -当前路径获取到的token=eyJ0eXAiOiJKV1QiLCJhbGciOiJIUzI1NiJ9.eyJwaG9uZSI6IjEzNTA4MzkyMzQ0IiwiaWQiOiIxMiIsImV4cCI6MTYwNzk2Mjk0MiwiaGVhZFBpYyI6ImNvbW1vbi91c2VyX2ltZy5qcGciLCJlbWFpbCI6IjI1NDU0MDQ1N0BxcS5jb20iLCJ1c2VybmFtZSI6InVzZXIyIn0.ADrrAumjppdoYfhYIU8xLkmuk3QgVLxKa5y4zCycdS4
2020-12-08 00:30:53.809 INFO [http-nio-8080-exec-4]com.yjq.programmer.interceptor.home.UserLoginInterceptor.preHandle:49 -当前URL=/home/user/order
2020-12-08 00:30:53.809 INFO [http-nio-8080-exec-4]com.yjq.programmer.interceptor.home.UserLoginInterceptor.preHandle:50 -当前路径获取到的token=eyJ0eXAiOiJKV1QiLCJhbGciOiJIUzI1NiJ9.eyJwaG9uZSI6IjEzNTA4MzkyMzQ0IiwiaWQiOiIxMiIsImV4cCI6MTYwNzk2Mjk0MiwiaGVhZFBpYyI6ImNvbW1vbi91c2VyX2ltZy5qcGciLCJlbWFpbCI6IjI1NDU0MDQ1N0BxcS5jb20iLCJ1c2VybmFtZSI6InVzZXIyIn0.ADrrAumjppdoYfhYIU8xLkmuk3QgVLxKa5y4zCycdS4
2020-12-08 00:31:02.109 INFO [http-nio-8080-exec-4]com.yjq.programmer.interceptor.home.UserLoginInterceptor.preHandle:49 -当前URL=/home/product/detail
2020-12-08 00:31:02.109 INFO [http-nio-8080-exec-4]com.yjq.programmer.interceptor.home.UserLoginInterceptor.preHandle:50 -当前路径获取到的token=eyJ0eXAiOiJKV1QiLCJhbGciOiJIUzI1NiJ9.eyJwaG9uZSI6IjEzNTA4MzkyMzQ0IiwiaWQiOiIxMiIsImV4cCI6MTYwNzk2Mjk0MiwiaGVhZFBpYyI6ImNvbW1vbi91c2VyX2ltZy5qcGciLCJlbWFpbCI6IjI1NDU0MDQ1N0BxcS5jb20iLCJ1c2VybmFtZSI6InVzZXIyIn0.ADrrAumjppdoYfhYIU8xLkmuk3QgVLxKa5y4zCycdS4
2020-12-08 00:31:11.386 INFO [http-nio-8080-exec-8]com.yjq.programmer.interceptor.home.UserLoginInterceptor.preHandle:49 -当前URL=/home/product/detail
2020-12-08 00:31:11.386 INFO [http-nio-8080-exec-8]com.yjq.programmer.interceptor.home.UserLoginInterceptor.preHandle:50 -当前路径获取到的token=eyJ0eXAiOiJKV1QiLCJhbGciOiJIUzI1NiJ9.eyJwaG9uZSI6IjEzNTA4MzkyMzQ0IiwiaWQiOiIxMiIsImV4cCI6MTYwNzk2Mjk0MiwiaGVhZFBpYyI6ImNvbW1vbi91c2VyX2ltZy5qcGciLCJlbWFpbCI6IjI1NDU0MDQ1N0BxcS5jb20iLCJ1c2VybmFtZSI6InVzZXIyIn0.ADrrAumjppdoYfhYIU8xLkmuk3QgVLxKa5y4zCycdS4
2020-12-08 00:31:19.035 INFO [http-nio-8080-exec-1]com.yjq.programmer.interceptor.home.UserLoginInterceptor.preHandle:49 -当前URL=/home/comment/submit_comment
2020-12-08 00:31:19.036 INFO [http-nio-8080-exec-1]com.yjq.programmer.interceptor.home.UserLoginInterceptor.preHandle:50 -当前路径获取到的token=eyJ0eXAiOiJKV1QiLCJhbGciOiJIUzI1NiJ9.eyJwaG9uZSI6IjEzNTA4MzkyMzQ0IiwiaWQiOiIxMiIsImV4cCI6MTYwNzk2Mjk0MiwiaGVhZFBpYyI6ImNvbW1vbi91c2VyX2ltZy5qcGciLCJlbWFpbCI6IjI1NDU0MDQ1N0BxcS5jb20iLCJ1c2VybmFtZSI6InVzZXIyIn0.ADrrAumjppdoYfhYIU8xLkmuk3QgVLxKa5y4zCycdS4
2020-12-08 00:31:19.966 INFO [http-nio-8080-exec-8]com.yjq.programmer.interceptor.home.UserLoginInterceptor.preHandle:49 -当前URL=/home/product/detail
2020-12-08 00:31:19.967 INFO [http-nio-8080-exec-8]com.yjq.programmer.interceptor.home.UserLoginInterceptor.preHandle:50 -当前路径获取到的token=eyJ0eXAiOiJKV1QiLCJhbGciOiJIUzI1NiJ9.eyJwaG9uZSI6IjEzNTA4MzkyMzQ0IiwiaWQiOiIxMiIsImV4cCI6MTYwNzk2Mjk0MiwiaGVhZFBpYyI6ImNvbW1vbi91c2VyX2ltZy5qcGciLCJlbWFpbCI6IjI1NDU0MDQ1N0BxcS5jb20iLCJ1c2VybmFtZSI6InVzZXIyIn0.ADrrAumjppdoYfhYIU8xLkmuk3QgVLxKa5y4zCycdS4
