2020-12-07 22:22:58.812 INFO [restartedMain]com.yjq.programmer.FruitAndVegetableShop.logStarting:50 -Starting FruitAndVegetableShop on ICOS-20191217XB with PID 11116 (D:\FruitAndVegetableShop\target\classes started by Administrator in D:\FruitAndVegetableShop)
2020-12-07 22:22:58.814 INFO [restartedMain]com.yjq.programmer.FruitAndVegetableShop.logStartupProfileInfo:651 -The following profiles are active: dev
2020-12-07 22:22:58.884 INFO [restartedMain]o.s.b.devtools.env.DevToolsPropertyDefaultsPostProcessor.logTo:225 -Devtools property defaults active! Set 'spring.devtools.add-properties' to 'false' to disable
2020-12-07 22:22:58.885 INFO [restartedMain]o.s.b.devtools.env.DevToolsPropertyDefaultsPostProcessor.logTo:225 -For additional web related logging consider setting the 'logging.level.web' property to 'DEBUG'
2020-12-07 22:23:00.331 INFO [restartedMain]o.s.d.repository.config.RepositoryConfigurationDelegate.multipleStoresDetected:244 -Multiple Spring Data modules found, entering strict repository configuration mode!
2020-12-07 22:23:00.336 INFO [restartedMain]o.s.d.repository.config.RepositoryConfigurationDelegate.registerRepositoriesIn:126 -Bootstrapping Spring Data repositories in DEFAULT mode.
2020-12-07 22:23:00.404 INFO [restartedMain]o.s.d.repository.config.RepositoryConfigurationDelegate.registerRepositoriesIn:182 -Finished Spring Data repository scanning in 51ms. Found 0 repository interfaces.
2020-12-07 22:23:00.918 INFO [restartedMain]o.s.c.s.PostProcessorRegistrationDelegate$BeanPostProcessorChecker.postProcessAfterInitialization:330 -Bean 'org.springframework.transaction.annotation.ProxyTransactionManagementConfiguration' of type [org.springframework.transaction.annotation.ProxyTransactionManagementConfiguration$$EnhancerBySpringCGLIB$$2c5c4ead] is not eligible for getting processed by all BeanPostProcessors (for example: not eligible for auto-proxying)
2020-12-07 22:23:01.576 INFO [restartedMain]o.s.boot.web.embedded.tomcat.TomcatWebServer.initialize:90 -Tomcat initialized with port(s): 8080 (http)
2020-12-07 22:23:01.595 INFO [restartedMain]org.apache.coyote.http11.Http11NioProtocol.log:173 -Initializing ProtocolHandler ["http-nio-8080"]
2020-12-07 22:23:01.612 INFO [restartedMain]org.apache.catalina.core.StandardService.log:173 -Starting service [Tomcat]
2020-12-07 22:23:01.613 INFO [restartedMain]org.apache.catalina.core.StandardEngine.log:173 -Starting Servlet engine: [Apache Tomcat/9.0.22]
2020-12-07 22:23:01.849 INFO [restartedMain]o.a.catalina.core.ContainerBase.[Tomcat].[localhost].[/].log:173 -Initializing Spring embedded WebApplicationContext
2020-12-07 22:23:01.850 INFO [restartedMain]org.springframework.web.context.ContextLoader.prepareWebApplicationContext:284 -Root WebApplicationContext: initialization completed in 2965 ms
2020-12-07 22:23:03.770 INFO [restartedMain]o.s.scheduling.concurrent.ThreadPoolTaskExecutor.initialize:171 -Initializing ExecutorService 'applicationTaskExecutor'
2020-12-07 22:23:07.812 INFO [restartedMain]o.s.boot.devtools.autoconfigure.OptionalLiveReloadServer.startServer:57 -LiveReload server is running on port 35729
2020-12-07 22:23:07.858 INFO [restartedMain]org.apache.coyote.http11.Http11NioProtocol.log:173 -Starting ProtocolHandler ["http-nio-8080"]
2020-12-07 22:23:07.899 INFO [restartedMain]o.s.boot.web.embedded.tomcat.TomcatWebServer.start:202 -Tomcat started on port(s): 8080 (http) with context path ''
2020-12-07 22:23:07.908 INFO [restartedMain]com.yjq.programmer.FruitAndVegetableShop.logStarted:59 -Started FruitAndVegetableShop in 9.654 seconds (JVM running for 10.218)
2020-12-07 22:25:04.711 INFO [http-nio-8080-exec-1]o.a.catalina.core.ContainerBase.[Tomcat].[localhost].[/].log:173 -Initializing Spring DispatcherServlet 'dispatcherServlet'
2020-12-07 22:25:04.711 INFO [http-nio-8080-exec-1]org.springframework.web.servlet.DispatcherServlet.initServletBean:524 -Initializing Servlet 'dispatcherServlet'
2020-12-07 22:25:04.723 INFO [http-nio-8080-exec-1]org.springframework.web.servlet.DispatcherServlet.initServletBean:546 -Completed initialization in 11 ms
2020-12-07 22:25:21.522 INFO [http-nio-8080-exec-6]com.yjq.programmer.interceptor.home.UserLoginInterceptor.preHandle:49 -当前URL=/home/user
2020-12-07 22:25:21.522 INFO [http-nio-8080-exec-6]com.yjq.programmer.interceptor.home.UserLoginInterceptor.preHandle:50 -当前路径获取到的token=
2020-12-07 22:25:21.538 INFO [http-nio-8080-exec-6]com.yjq.programmer.interceptor.home.UserLoginInterceptor.preHandle:86 -没有登录或token非法，跳转登录界面！当前URL=/home/user
2020-12-07 22:25:21.547 INFO [http-nio-8080-exec-7]com.yjq.programmer.interceptor.home.UserLoginInterceptor.preHandle:49 -当前URL=/home/user/login
2020-12-07 22:25:21.547 INFO [http-nio-8080-exec-7]com.yjq.programmer.interceptor.home.UserLoginInterceptor.preHandle:50 -当前路径获取到的token=
2020-12-07 22:25:33.062 INFO [http-nio-8080-exec-3]com.yjq.programmer.interceptor.home.UserLoginInterceptor.preHandle:49 -当前URL=/home/system/index
2020-12-07 22:25:33.063 INFO [http-nio-8080-exec-3]com.yjq.programmer.interceptor.home.UserLoginInterceptor.preHandle:50 -当前路径获取到的token=
2020-12-07 22:27:24.815 INFO [http-nio-8080-exec-1]com.yjq.programmer.interceptor.home.UserLoginInterceptor.preHandle:49 -当前URL=/home/user/login
2020-12-07 22:27:24.815 INFO [http-nio-8080-exec-1]com.yjq.programmer.interceptor.home.UserLoginInterceptor.preHandle:50 -当前路径获取到的token=
2020-12-07 22:27:56.812 INFO [http-nio-8080-exec-3]com.yjq.programmer.interceptor.home.UserLoginInterceptor.preHandle:49 -当前URL=/home/user/register
2020-12-07 22:27:56.813 INFO [http-nio-8080-exec-3]com.yjq.programmer.interceptor.home.UserLoginInterceptor.preHandle:50 -当前路径获取到的token=
2020-12-07 22:27:56.900 INFO [http-nio-8080-exec-11]com.yjq.programmer.controller.common.CpachaController.generateCpacha:51 -验证码成功生成，method=user_register,value=ciQD
2020-12-07 22:29:59.615 INFO [restartedMain]com.yjq.programmer.FruitAndVegetableShop.logStarting:50 -Starting FruitAndVegetableShop on ICOS-20191217XB with PID 17708 (D:\FruitAndVegetableShop\target\classes started by Administrator in D:\FruitAndVegetableShop)
2020-12-07 22:29:59.620 INFO [restartedMain]com.yjq.programmer.FruitAndVegetableShop.logStartupProfileInfo:651 -The following profiles are active: dev
2020-12-07 22:29:59.688 INFO [restartedMain]o.s.b.devtools.env.DevToolsPropertyDefaultsPostProcessor.logTo:225 -Devtools property defaults active! Set 'spring.devtools.add-properties' to 'false' to disable
2020-12-07 22:29:59.689 INFO [restartedMain]o.s.b.devtools.env.DevToolsPropertyDefaultsPostProcessor.logTo:225 -For additional web related logging consider setting the 'logging.level.web' property to 'DEBUG'
2020-12-07 22:30:01.032 INFO [restartedMain]o.s.d.repository.config.RepositoryConfigurationDelegate.multipleStoresDetected:244 -Multiple Spring Data modules found, entering strict repository configuration mode!
2020-12-07 22:30:01.035 INFO [restartedMain]o.s.d.repository.config.RepositoryConfigurationDelegate.registerRepositoriesIn:126 -Bootstrapping Spring Data repositories in DEFAULT mode.
2020-12-07 22:30:01.124 INFO [restartedMain]o.s.d.repository.config.RepositoryConfigurationDelegate.registerRepositoriesIn:182 -Finished Spring Data repository scanning in 64ms. Found 0 repository interfaces.
2020-12-07 22:30:01.631 INFO [restartedMain]o.s.c.s.PostProcessorRegistrationDelegate$BeanPostProcessorChecker.postProcessAfterInitialization:330 -Bean 'org.springframework.transaction.annotation.ProxyTransactionManagementConfiguration' of type [org.springframework.transaction.annotation.ProxyTransactionManagementConfiguration$$EnhancerBySpringCGLIB$$18d7ec3e] is not eligible for getting processed by all BeanPostProcessors (for example: not eligible for auto-proxying)
2020-12-07 22:30:02.309 INFO [restartedMain]o.s.boot.web.embedded.tomcat.TomcatWebServer.initialize:90 -Tomcat initialized with port(s): 8080 (http)
2020-12-07 22:30:02.328 INFO [restartedMain]org.apache.coyote.http11.Http11NioProtocol.log:173 -Initializing ProtocolHandler ["http-nio-8080"]
2020-12-07 22:30:02.344 INFO [restartedMain]org.apache.catalina.core.StandardService.log:173 -Starting service [Tomcat]
2020-12-07 22:30:02.345 INFO [restartedMain]org.apache.catalina.core.StandardEngine.log:173 -Starting Servlet engine: [Apache Tomcat/9.0.22]
2020-12-07 22:30:02.603 INFO [restartedMain]o.a.catalina.core.ContainerBase.[Tomcat].[localhost].[/].log:173 -Initializing Spring embedded WebApplicationContext
2020-12-07 22:30:02.604 INFO [restartedMain]org.springframework.web.context.ContextLoader.prepareWebApplicationContext:284 -Root WebApplicationContext: initialization completed in 2915 ms
2020-12-07 22:30:04.605 INFO [restartedMain]o.s.scheduling.concurrent.ThreadPoolTaskExecutor.initialize:171 -Initializing ExecutorService 'applicationTaskExecutor'
2020-12-07 22:30:09.825 INFO [restartedMain]o.s.boot.devtools.autoconfigure.OptionalLiveReloadServer.startServer:57 -LiveReload server is running on port 35729
2020-12-07 22:30:09.870 INFO [restartedMain]org.apache.coyote.http11.Http11NioProtocol.log:173 -Starting ProtocolHandler ["http-nio-8080"]
2020-12-07 22:30:09.907 INFO [restartedMain]o.s.boot.web.embedded.tomcat.TomcatWebServer.start:202 -Tomcat started on port(s): 8080 (http) with context path ''
2020-12-07 22:30:09.912 INFO [restartedMain]com.yjq.programmer.FruitAndVegetableShop.logStarted:59 -Started FruitAndVegetableShop in 10.841 seconds (JVM running for 11.415)
2020-12-07 22:30:52.970 INFO [http-nio-8080-exec-1]o.a.catalina.core.ContainerBase.[Tomcat].[localhost].[/].log:173 -Initializing Spring DispatcherServlet 'dispatcherServlet'
2020-12-07 22:30:52.970 INFO [http-nio-8080-exec-1]org.springframework.web.servlet.DispatcherServlet.initServletBean:524 -Initializing Servlet 'dispatcherServlet'
2020-12-07 22:30:52.984 INFO [http-nio-8080-exec-1]org.springframework.web.servlet.DispatcherServlet.initServletBean:546 -Completed initialization in 14 ms
2020-12-07 22:30:53.038 INFO [http-nio-8080-exec-1]com.yjq.programmer.controller.common.CpachaController.generateCpacha:51 -验证码成功生成，method=user_register,value=jCfN
2020-12-07 22:30:53.573 INFO [http-nio-8080-exec-2]com.yjq.programmer.controller.common.CpachaController.generateCpacha:51 -验证码成功生成，method=user_register,value=QpQu
2020-12-07 22:31:00.253 INFO [http-nio-8080-exec-3]com.yjq.programmer.interceptor.home.UserLoginInterceptor.preHandle:49 -当前URL=/home/user/register
2020-12-07 22:31:00.254 INFO [http-nio-8080-exec-3]com.yjq.programmer.interceptor.home.UserLoginInterceptor.preHandle:50 -当前路径获取到的token=
2020-12-07 22:31:00.335 INFO [http-nio-8080-exec-3]com.zaxxer.hikari.HikariDataSource.getConnection:110 -HikariPool-1 - Starting...
2020-12-07 22:31:00.721 INFO [http-nio-8080-exec-3]com.zaxxer.hikari.HikariDataSource.getConnection:123 -HikariPool-1 - Start completed.
2020-12-07 22:31:04.422 INFO [http-nio-8080-exec-4]com.yjq.programmer.controller.common.CpachaController.generateCpacha:51 -验证码成功生成，method=user_register,value=qdQX
2020-12-07 22:31:33.591 INFO [http-nio-8080-exec-6]com.yjq.programmer.interceptor.home.UserLoginInterceptor.preHandle:49 -当前URL=/home/user/login
2020-12-07 22:31:33.591 INFO [http-nio-8080-exec-6]com.yjq.programmer.interceptor.home.UserLoginInterceptor.preHandle:50 -当前路径获取到的token=
2020-12-07 22:31:52.140 INFO [http-nio-8080-exec-7]com.yjq.programmer.interceptor.home.UserLoginInterceptor.preHandle:49 -当前URL=/home/user/login
2020-12-07 22:31:52.141 INFO [http-nio-8080-exec-7]com.yjq.programmer.interceptor.home.UserLoginInterceptor.preHandle:50 -当前路径获取到的token=
2020-12-07 22:31:52.175 INFO [http-nio-8080-exec-7]com.yjq.programmer.util.JWTUtil.getToken:46 -生成的token=eyJ0eXAiOiJKV1QiLCJhbGciOiJIUzI1NiJ9.eyJwaG9uZSI6IjEzNTM5ODAyMzQxIiwiaWQiOiIxMSIsImV4cCI6MTYwNzk1NjMxMiwiaGVhZFBpYyI6ImNvbW1vbi91c2VyX2ltZy5qcGciLCJlbWFpbCI6IjI4NzI0OTU2OUBxcS5jb20iLCJ1c2VybmFtZSI6InVzZXIxIn0.wzIiMnSUl6WmcygFtxBulkfAN8GfYqEgVzSqRZcmADk
2020-12-07 22:31:52.199 INFO [http-nio-8080-exec-2]com.yjq.programmer.interceptor.home.UserLoginInterceptor.preHandle:49 -当前URL=/home/system/index
2020-12-07 22:31:52.200 INFO [http-nio-8080-exec-2]com.yjq.programmer.interceptor.home.UserLoginInterceptor.preHandle:50 -当前路径获取到的token=eyJ0eXAiOiJKV1QiLCJhbGciOiJIUzI1NiJ9.eyJwaG9uZSI6IjEzNTM5ODAyMzQxIiwiaWQiOiIxMSIsImV4cCI6MTYwNzk1NjMxMiwiaGVhZFBpYyI6ImNvbW1vbi91c2VyX2ltZy5qcGciLCJlbWFpbCI6IjI4NzI0OTU2OUBxcS5jb20iLCJ1c2VybmFtZSI6InVzZXIxIn0.wzIiMnSUl6WmcygFtxBulkfAN8GfYqEgVzSqRZcmADk
2020-12-07 22:31:52.359 INFO [http-nio-8080-exec-2]io.lettuce.core.EpollProvider.<clinit>:68 -Starting without optional epoll library
2020-12-07 22:31:52.361 INFO [http-nio-8080-exec-2]io.lettuce.core.KqueueProvider.<clinit>:70 -Starting without optional kqueue library
2020-12-07 22:31:56.505 INFO [http-nio-8080-exec-2]com.yjq.programmer.interceptor.home.UserLoginInterceptor.preHandle:49 -当前URL=/home/system/index
2020-12-07 22:31:56.506 INFO [http-nio-8080-exec-2]com.yjq.programmer.interceptor.home.UserLoginInterceptor.preHandle:50 -当前路径获取到的token=eyJ0eXAiOiJKV1QiLCJhbGciOiJIUzI1NiJ9.eyJwaG9uZSI6IjEzNTM5ODAyMzQxIiwiaWQiOiIxMSIsImV4cCI6MTYwNzk1NjMxMiwiaGVhZFBpYyI6ImNvbW1vbi91c2VyX2ltZy5qcGciLCJlbWFpbCI6IjI4NzI0OTU2OUBxcS5jb20iLCJ1c2VybmFtZSI6InVzZXIxIn0.wzIiMnSUl6WmcygFtxBulkfAN8GfYqEgVzSqRZcmADk
2020-12-07 22:35:07.681 INFO [restartedMain]com.yjq.programmer.FruitAndVegetableShop.logStarting:50 -Starting FruitAndVegetableShop on ICOS-20191217XB with PID 19524 (D:\FruitAndVegetableShop\target\classes started by Administrator in D:\FruitAndVegetableShop)
2020-12-07 22:35:07.690 INFO [restartedMain]com.yjq.programmer.FruitAndVegetableShop.logStartupProfileInfo:651 -The following profiles are active: dev
2020-12-07 22:35:07.767 INFO [restartedMain]o.s.b.devtools.env.DevToolsPropertyDefaultsPostProcessor.logTo:225 -Devtools property defaults active! Set 'spring.devtools.add-properties' to 'false' to disable
2020-12-07 22:35:07.767 INFO [restartedMain]o.s.b.devtools.env.DevToolsPropertyDefaultsPostProcessor.logTo:225 -For additional web related logging consider setting the 'logging.level.web' property to 'DEBUG'
2020-12-07 22:35:09.431 INFO [restartedMain]o.s.d.repository.config.RepositoryConfigurationDelegate.multipleStoresDetected:244 -Multiple Spring Data modules found, entering strict repository configuration mode!
2020-12-07 22:35:09.435 INFO [restartedMain]o.s.d.repository.config.RepositoryConfigurationDelegate.registerRepositoriesIn:126 -Bootstrapping Spring Data repositories in DEFAULT mode.
2020-12-07 22:35:09.527 INFO [restartedMain]o.s.d.repository.config.RepositoryConfigurationDelegate.registerRepositoriesIn:182 -Finished Spring Data repository scanning in 71ms. Found 0 repository interfaces.
2020-12-07 22:35:10.184 INFO [restartedMain]o.s.c.s.PostProcessorRegistrationDelegate$BeanPostProcessorChecker.postProcessAfterInitialization:330 -Bean 'org.springframework.transaction.annotation.ProxyTransactionManagementConfiguration' of type [org.springframework.transaction.annotation.ProxyTransactionManagementConfiguration$$EnhancerBySpringCGLIB$$57282d6] is not eligible for getting processed by all BeanPostProcessors (for example: not eligible for auto-proxying)
2020-12-07 22:35:10.974 INFO [restartedMain]o.s.boot.web.embedded.tomcat.TomcatWebServer.initialize:90 -Tomcat initialized with port(s): 8080 (http)
2020-12-07 22:35:10.998 INFO [restartedMain]org.apache.coyote.http11.Http11NioProtocol.log:173 -Initializing ProtocolHandler ["http-nio-8080"]
2020-12-07 22:35:11.019 INFO [restartedMain]org.apache.catalina.core.StandardService.log:173 -Starting service [Tomcat]
2020-12-07 22:35:11.021 INFO [restartedMain]org.apache.catalina.core.StandardEngine.log:173 -Starting Servlet engine: [Apache Tomcat/9.0.22]
2020-12-07 22:35:11.276 INFO [restartedMain]o.a.catalina.core.ContainerBase.[Tomcat].[localhost].[/].log:173 -Initializing Spring embedded WebApplicationContext
2020-12-07 22:35:11.277 INFO [restartedMain]org.springframework.web.context.ContextLoader.prepareWebApplicationContext:284 -Root WebApplicationContext: initialization completed in 3510 ms
2020-12-07 22:35:13.505 INFO [restartedMain]o.s.scheduling.concurrent.ThreadPoolTaskExecutor.initialize:171 -Initializing ExecutorService 'applicationTaskExecutor'
2020-12-07 22:35:17.747 INFO [restartedMain]o.s.boot.devtools.autoconfigure.OptionalLiveReloadServer.startServer:57 -LiveReload server is running on port 35729
2020-12-07 22:35:17.797 INFO [restartedMain]org.apache.coyote.http11.Http11NioProtocol.log:173 -Starting ProtocolHandler ["http-nio-8080"]
2020-12-07 22:35:17.845 INFO [restartedMain]o.s.boot.web.embedded.tomcat.TomcatWebServer.start:202 -Tomcat started on port(s): 8080 (http) with context path ''
2020-12-07 22:35:17.850 INFO [restartedMain]com.yjq.programmer.FruitAndVegetableShop.logStarted:59 -Started FruitAndVegetableShop in 10.842 seconds (JVM running for 11.672)
2020-12-07 22:35:20.079 INFO [http-nio-8080-exec-1]o.a.catalina.core.ContainerBase.[Tomcat].[localhost].[/].log:173 -Initializing Spring DispatcherServlet 'dispatcherServlet'
2020-12-07 22:35:20.080 INFO [http-nio-8080-exec-1]org.springframework.web.servlet.DispatcherServlet.initServletBean:524 -Initializing Servlet 'dispatcherServlet'
2020-12-07 22:35:20.094 INFO [http-nio-8080-exec-1]org.springframework.web.servlet.DispatcherServlet.initServletBean:546 -Completed initialization in 14 ms
2020-12-07 22:35:20.142 INFO [http-nio-8080-exec-1]com.yjq.programmer.interceptor.home.UserLoginInterceptor.preHandle:49 -当前URL=/home/system/index
2020-12-07 22:35:20.143 INFO [http-nio-8080-exec-1]com.yjq.programmer.interceptor.home.UserLoginInterceptor.preHandle:50 -当前路径获取到的token=eyJ0eXAiOiJKV1QiLCJhbGciOiJIUzI1NiJ9.eyJwaG9uZSI6IjEzNTM5ODAyMzQxIiwiaWQiOiIxMSIsImV4cCI6MTYwNzk1NjMxMiwiaGVhZFBpYyI6ImNvbW1vbi91c2VyX2ltZy5qcGciLCJlbWFpbCI6IjI4NzI0OTU2OUBxcS5jb20iLCJ1c2VybmFtZSI6InVzZXIxIn0.wzIiMnSUl6WmcygFtxBulkfAN8GfYqEgVzSqRZcmADk
2020-12-07 22:35:34.546 INFO [http-nio-8080-exec-1]io.lettuce.core.EpollProvider.<clinit>:68 -Starting without optional epoll library
2020-12-07 22:35:34.548 INFO [http-nio-8080-exec-1]io.lettuce.core.KqueueProvider.<clinit>:70 -Starting without optional kqueue library
2020-12-07 22:35:42.236 INFO [http-nio-8080-exec-4]com.yjq.programmer.interceptor.home.UserLoginInterceptor.preHandle:49 -当前URL=/home/system/index
2020-12-07 22:35:42.237 INFO [http-nio-8080-exec-4]com.yjq.programmer.interceptor.home.UserLoginInterceptor.preHandle:50 -当前路径获取到的token=eyJ0eXAiOiJKV1QiLCJhbGciOiJIUzI1NiJ9.eyJwaG9uZSI6IjEzNTM5ODAyMzQxIiwiaWQiOiIxMSIsImV4cCI6MTYwNzk1NjMxMiwiaGVhZFBpYyI6ImNvbW1vbi91c2VyX2ltZy5qcGciLCJlbWFpbCI6IjI4NzI0OTU2OUBxcS5jb20iLCJ1c2VybmFtZSI6InVzZXIxIn0.wzIiMnSUl6WmcygFtxBulkfAN8GfYqEgVzSqRZcmADk
2020-12-07 22:36:57.359 INFO [http-nio-8080-exec-3]com.yjq.programmer.interceptor.home.UserLoginInterceptor.preHandle:49 -当前URL=/home/system/index
2020-12-07 22:36:57.359 INFO [http-nio-8080-exec-3]com.yjq.programmer.interceptor.home.UserLoginInterceptor.preHandle:50 -当前路径获取到的token=eyJ0eXAiOiJKV1QiLCJhbGciOiJIUzI1NiJ9.eyJwaG9uZSI6IjEzNTM5ODAyMzQxIiwiaWQiOiIxMSIsImV4cCI6MTYwNzk1NjMxMiwiaGVhZFBpYyI6ImNvbW1vbi91c2VyX2ltZy5qcGciLCJlbWFpbCI6IjI4NzI0OTU2OUBxcS5jb20iLCJ1c2VybmFtZSI6InVzZXIxIn0.wzIiMnSUl6WmcygFtxBulkfAN8GfYqEgVzSqRZcmADk
2020-12-07 22:37:18.238 INFO [http-nio-8080-exec-9]com.yjq.programmer.interceptor.home.UserLoginInterceptor.preHandle:49 -当前URL=/home/system/index
2020-12-07 22:37:18.238 INFO [http-nio-8080-exec-9]com.yjq.programmer.interceptor.home.UserLoginInterceptor.preHandle:50 -当前路径获取到的token=
2020-12-07 22:37:31.841 INFO [http-nio-8080-exec-3]com.yjq.programmer.interceptor.home.UserLoginInterceptor.preHandle:49 -当前URL=/home/system/index
2020-12-07 22:37:31.841 INFO [http-nio-8080-exec-3]com.yjq.programmer.interceptor.home.UserLoginInterceptor.preHandle:50 -当前路径获取到的token=
2020-12-07 22:37:38.860 INFO [http-nio-8080-exec-1]com.yjq.programmer.interceptor.home.UserLoginInterceptor.preHandle:49 -当前URL=/home/product/fruit
2020-12-07 22:37:38.860 INFO [http-nio-8080-exec-1]com.yjq.programmer.interceptor.home.UserLoginInterceptor.preHandle:50 -当前路径获取到的token=
2020-12-07 22:37:38.922 INFO [http-nio-8080-exec-1]com.zaxxer.hikari.HikariDataSource.getConnection:110 -HikariPool-1 - Starting...
2020-12-07 22:37:39.121 INFO [http-nio-8080-exec-1]com.zaxxer.hikari.HikariDataSource.getConnection:123 -HikariPool-1 - Start completed.
2020-12-07 22:38:07.537 INFO [http-nio-8080-exec-5]com.yjq.programmer.interceptor.home.UserLoginInterceptor.preHandle:49 -当前URL=/home/product/fruit
2020-12-07 22:38:07.538 INFO [http-nio-8080-exec-5]com.yjq.programmer.interceptor.home.UserLoginInterceptor.preHandle:50 -当前路径获取到的token=
2020-12-07 22:38:08.046 INFO [http-nio-8080-exec-8]com.yjq.programmer.interceptor.home.UserLoginInterceptor.preHandle:49 -当前URL=/home/product/vegetable
2020-12-07 22:38:08.046 INFO [http-nio-8080-exec-8]com.yjq.programmer.interceptor.home.UserLoginInterceptor.preHandle:50 -当前路径获取到的token=
2020-12-07 22:38:16.695 INFO [http-nio-8080-exec-5]com.yjq.programmer.interceptor.home.UserLoginInterceptor.preHandle:49 -当前URL=/home/product/vegetable
2020-12-07 22:38:16.696 INFO [http-nio-8080-exec-5]com.yjq.programmer.interceptor.home.UserLoginInterceptor.preHandle:50 -当前路径获取到的token=eyJ0eXAiOiJKV1QiLCJhbGciOiJIUzI1NiJ9.eyJwaG9uZSI6IjEzNTM5ODAyMzQxIiwiaWQiOiIxMSIsImV4cCI6MTYwNzk1NjMxMiwiaGVhZFBpYyI6ImNvbW1vbi91c2VyX2ltZy5qcGciLCJlbWFpbCI6IjI4NzI0OTU2OUBxcS5jb20iLCJ1c2VybmFtZSI6InVzZXIxIn0.wzIiMnSUl6WmcygFtxBulkfAN8GfYqEgVzSqRZcmADk
2020-12-07 22:38:45.833 INFO [http-nio-8080-exec-9]com.yjq.programmer.interceptor.home.UserLoginInterceptor.preHandle:49 -当前URL=/home/cart/index
2020-12-07 22:38:45.834 INFO [http-nio-8080-exec-9]com.yjq.programmer.interceptor.home.UserLoginInterceptor.preHandle:50 -当前路径获取到的token=eyJ0eXAiOiJKV1QiLCJhbGciOiJIUzI1NiJ9.eyJwaG9uZSI6IjEzNTM5ODAyMzQxIiwiaWQiOiIxMSIsImV4cCI6MTYwNzk1NjMxMiwiaGVhZFBpYyI6ImNvbW1vbi91c2VyX2ltZy5qcGciLCJlbWFpbCI6IjI4NzI0OTU2OUBxcS5jb20iLCJ1c2VybmFtZSI6InVzZXIxIn0.wzIiMnSUl6WmcygFtxBulkfAN8GfYqEgVzSqRZcmADk
2020-12-07 22:40:30.520 INFO [http-nio-8080-exec-10]com.yjq.programmer.interceptor.home.UserLoginInterceptor.preHandle:49 -当前URL=/home/system
2020-12-07 22:40:30.521 INFO [http-nio-8080-exec-10]com.yjq.programmer.interceptor.home.UserLoginInterceptor.preHandle:50 -当前路径获取到的token=eyJ0eXAiOiJKV1QiLCJhbGciOiJIUzI1NiJ9.eyJwaG9uZSI6IjEzNTM5ODAyMzQxIiwiaWQiOiIxMSIsImV4cCI6MTYwNzk1NjMxMiwiaGVhZFBpYyI6ImNvbW1vbi91c2VyX2ltZy5qcGciLCJlbWFpbCI6IjI4NzI0OTU2OUBxcS5jb20iLCJ1c2VybmFtZSI6InVzZXIxIn0.wzIiMnSUl6WmcygFtxBulkfAN8GfYqEgVzSqRZcmADk
2020-12-07 22:40:45.018 INFO [http-nio-8080-exec-1]com.yjq.programmer.interceptor.home.UserLoginInterceptor.preHandle:49 -当前URL=/home/cart/index
2020-12-07 22:40:45.019 INFO [http-nio-8080-exec-1]com.yjq.programmer.interceptor.home.UserLoginInterceptor.preHandle:50 -当前路径获取到的token=
2020-12-07 22:40:45.021 INFO [http-nio-8080-exec-1]com.yjq.programmer.interceptor.home.UserLoginInterceptor.preHandle:86 -没有登录或token非法，跳转登录界面！当前URL=/home/cart/index
2020-12-07 22:40:45.027 INFO [http-nio-8080-exec-5]com.yjq.programmer.interceptor.home.UserLoginInterceptor.preHandle:49 -当前URL=/home/user/login
2020-12-07 22:40:45.027 INFO [http-nio-8080-exec-5]com.yjq.programmer.interceptor.home.UserLoginInterceptor.preHandle:50 -当前路径获取到的token=
2020-12-07 22:42:33.121 INFO [http-nio-8080-exec-1]c.yjq.programmer.interceptor.admin.AdminLoginInterceptor.preHandle:34 -当前URL=/admin/admin/index
2020-12-07 22:42:33.121 INFO [http-nio-8080-exec-1]c.yjq.programmer.interceptor.admin.AdminLoginInterceptor.preHandle:50 -没有登录或session失效，跳转登录界面！当前URL={}/admin/admin/index
2020-12-07 22:42:33.350 INFO [http-nio-8080-exec-5]com.yjq.programmer.controller.common.CpachaController.generateCpacha:51 -验证码成功生成，method=admin_login,value=hQV6
2020-12-07 22:46:46.041 INFO [http-nio-8080-exec-3]com.yjq.programmer.controller.common.CpachaController.generateCpacha:51 -验证码成功生成，method=admin_login,value=QPuR
2020-12-07 22:51:14.193 INFO [http-nio-8080-exec-4]com.yjq.programmer.interceptor.home.UserLoginInterceptor.preHandle:49 -当前URL=/home/product/vegetable
2020-12-07 22:51:14.194 INFO [http-nio-8080-exec-4]com.yjq.programmer.interceptor.home.UserLoginInterceptor.preHandle:50 -当前路径获取到的token=
2020-12-07 22:51:16.129 INFO [http-nio-8080-exec-5]com.yjq.programmer.interceptor.home.UserLoginInterceptor.preHandle:49 -当前URL=/home/user/info
2020-12-07 22:51:16.130 INFO [http-nio-8080-exec-5]com.yjq.programmer.interceptor.home.UserLoginInterceptor.preHandle:50 -当前路径获取到的token=
2020-12-07 22:51:16.132 INFO [http-nio-8080-exec-5]com.yjq.programmer.interceptor.home.UserLoginInterceptor.preHandle:86 -没有登录或token非法，跳转登录界面！当前URL=/home/user/info
2020-12-07 22:51:16.137 INFO [http-nio-8080-exec-8]com.yjq.programmer.interceptor.home.UserLoginInterceptor.preHandle:49 -当前URL=/home/user/login
2020-12-07 22:51:16.137 INFO [http-nio-8080-exec-8]com.yjq.programmer.interceptor.home.UserLoginInterceptor.preHandle:50 -当前路径获取到的token=
2020-12-07 22:51:21.362 INFO [http-nio-8080-exec-2]com.yjq.programmer.interceptor.home.UserLoginInterceptor.preHandle:49 -当前URL=/home/product/vegetable
2020-12-07 22:51:21.363 INFO [http-nio-8080-exec-2]com.yjq.programmer.interceptor.home.UserLoginInterceptor.preHandle:50 -当前路径获取到的token=
2020-12-07 22:51:38.163 INFO [http-nio-8080-exec-4]com.yjq.programmer.interceptor.home.UserLoginInterceptor.preHandle:49 -当前URL=/home/product/fruit
2020-12-07 22:51:38.163 INFO [http-nio-8080-exec-4]com.yjq.programmer.interceptor.home.UserLoginInterceptor.preHandle:50 -当前路径获取到的token=
2020-12-07 22:51:38.884 INFO [http-nio-8080-exec-4]com.yjq.programmer.interceptor.home.UserLoginInterceptor.preHandle:49 -当前URL=/home/product/vegetable
2020-12-07 22:51:38.884 INFO [http-nio-8080-exec-4]com.yjq.programmer.interceptor.home.UserLoginInterceptor.preHandle:50 -当前路径获取到的token=
2020-12-07 22:51:39.272 INFO [http-nio-8080-exec-2]com.yjq.programmer.interceptor.home.UserLoginInterceptor.preHandle:49 -当前URL=/home/user/info
2020-12-07 22:51:39.273 INFO [http-nio-8080-exec-2]com.yjq.programmer.interceptor.home.UserLoginInterceptor.preHandle:50 -当前路径获取到的token=
2020-12-07 22:51:39.274 INFO [http-nio-8080-exec-2]com.yjq.programmer.interceptor.home.UserLoginInterceptor.preHandle:86 -没有登录或token非法，跳转登录界面！当前URL=/home/user/info
2020-12-07 22:51:39.278 INFO [http-nio-8080-exec-5]com.yjq.programmer.interceptor.home.UserLoginInterceptor.preHandle:49 -当前URL=/home/user/login
2020-12-07 22:51:39.279 INFO [http-nio-8080-exec-5]com.yjq.programmer.interceptor.home.UserLoginInterceptor.preHandle:50 -当前路径获取到的token=
2020-12-07 22:52:04.343 INFO [http-nio-8080-exec-7]com.yjq.programmer.interceptor.home.UserLoginInterceptor.preHandle:49 -当前URL=/home/system/index
2020-12-07 22:52:04.344 INFO [http-nio-8080-exec-7]com.yjq.programmer.interceptor.home.UserLoginInterceptor.preHandle:50 -当前路径获取到的token=
2020-12-07 22:52:07.580 INFO [http-nio-8080-exec-7]com.yjq.programmer.interceptor.home.UserLoginInterceptor.preHandle:49 -当前URL=/home/user/login
2020-12-07 22:52:07.580 INFO [http-nio-8080-exec-7]com.yjq.programmer.interceptor.home.UserLoginInterceptor.preHandle:50 -当前路径获取到的token=
2020-12-07 22:52:12.538 INFO [http-nio-8080-exec-4]com.yjq.programmer.interceptor.home.UserLoginInterceptor.preHandle:49 -当前URL=/home/user/login
2020-12-07 22:52:12.538 INFO [http-nio-8080-exec-4]com.yjq.programmer.interceptor.home.UserLoginInterceptor.preHandle:50 -当前路径获取到的token=
2020-12-07 22:52:16.730 INFO [http-nio-8080-exec-10]com.yjq.programmer.interceptor.home.UserLoginInterceptor.preHandle:49 -当前URL=/home/user/login
2020-12-07 22:52:16.730 INFO [http-nio-8080-exec-10]com.yjq.programmer.interceptor.home.UserLoginInterceptor.preHandle:50 -当前路径获取到的token=
2020-12-07 22:52:16.748 INFO [http-nio-8080-exec-10]com.yjq.programmer.util.JWTUtil.getToken:46 -生成的token=eyJ0eXAiOiJKV1QiLCJhbGciOiJIUzI1NiJ9.eyJwaG9uZSI6IjEzNTM5ODAyMzQxIiwiaWQiOiIxMSIsImV4cCI6MTYwNzk1NzUzNiwiaGVhZFBpYyI6ImNvbW1vbi91c2VyX2ltZy5qcGciLCJlbWFpbCI6IjI4NzI0OTU2OUBxcS5jb20iLCJ1c2VybmFtZSI6InVzZXIxIn0.Jz3_mmkA5BU56GDxwh0YWDyepxoJCWt_TqtlDohdYug
2020-12-07 22:52:16.782 INFO [http-nio-8080-exec-2]com.yjq.programmer.interceptor.home.UserLoginInterceptor.preHandle:49 -当前URL=/home/system/index
2020-12-07 22:52:16.782 INFO [http-nio-8080-exec-2]com.yjq.programmer.interceptor.home.UserLoginInterceptor.preHandle:50 -当前路径获取到的token=eyJ0eXAiOiJKV1QiLCJhbGciOiJIUzI1NiJ9.eyJwaG9uZSI6IjEzNTM5ODAyMzQxIiwiaWQiOiIxMSIsImV4cCI6MTYwNzk1NzUzNiwiaGVhZFBpYyI6ImNvbW1vbi91c2VyX2ltZy5qcGciLCJlbWFpbCI6IjI4NzI0OTU2OUBxcS5jb20iLCJ1c2VybmFtZSI6InVzZXIxIn0.Jz3_mmkA5BU56GDxwh0YWDyepxoJCWt_TqtlDohdYug
2020-12-07 22:52:18.604 INFO [http-nio-8080-exec-2]com.yjq.programmer.interceptor.home.UserLoginInterceptor.preHandle:49 -当前URL=/home/product/fruit
2020-12-07 22:52:18.604 INFO [http-nio-8080-exec-2]com.yjq.programmer.interceptor.home.UserLoginInterceptor.preHandle:50 -当前路径获取到的token=eyJ0eXAiOiJKV1QiLCJhbGciOiJIUzI1NiJ9.eyJwaG9uZSI6IjEzNTM5ODAyMzQxIiwiaWQiOiIxMSIsImV4cCI6MTYwNzk1NzUzNiwiaGVhZFBpYyI6ImNvbW1vbi91c2VyX2ltZy5qcGciLCJlbWFpbCI6IjI4NzI0OTU2OUBxcS5jb20iLCJ1c2VybmFtZSI6InVzZXIxIn0.Jz3_mmkA5BU56GDxwh0YWDyepxoJCWt_TqtlDohdYug
2020-12-07 22:52:20.018 INFO [http-nio-8080-exec-3]com.yjq.programmer.interceptor.home.UserLoginInterceptor.preHandle:49 -当前URL=/home/product/detail
2020-12-07 22:52:20.019 INFO [http-nio-8080-exec-3]com.yjq.programmer.interceptor.home.UserLoginInterceptor.preHandle:50 -当前路径获取到的token=eyJ0eXAiOiJKV1QiLCJhbGciOiJIUzI1NiJ9.eyJwaG9uZSI6IjEzNTM5ODAyMzQxIiwiaWQiOiIxMSIsImV4cCI6MTYwNzk1NzUzNiwiaGVhZFBpYyI6ImNvbW1vbi91c2VyX2ltZy5qcGciLCJlbWFpbCI6IjI4NzI0OTU2OUBxcS5jb20iLCJ1c2VybmFtZSI6InVzZXIxIn0.Jz3_mmkA5BU56GDxwh0YWDyepxoJCWt_TqtlDohdYug
2020-12-07 22:52:23.528 INFO [http-nio-8080-exec-9]com.yjq.programmer.interceptor.home.UserLoginInterceptor.preHandle:49 -当前URL=/home/collect/add
2020-12-07 22:52:23.529 INFO [http-nio-8080-exec-9]com.yjq.programmer.interceptor.home.UserLoginInterceptor.preHandle:50 -当前路径获取到的token=eyJ0eXAiOiJKV1QiLCJhbGciOiJIUzI1NiJ9.eyJwaG9uZSI6IjEzNTM5ODAyMzQxIiwiaWQiOiIxMSIsImV4cCI6MTYwNzk1NzUzNiwiaGVhZFBpYyI6ImNvbW1vbi91c2VyX2ltZy5qcGciLCJlbWFpbCI6IjI4NzI0OTU2OUBxcS5jb20iLCJ1c2VybmFtZSI6InVzZXIxIn0.Jz3_mmkA5BU56GDxwh0YWDyepxoJCWt_TqtlDohdYug
2020-12-07 22:52:26.609 INFO [http-nio-8080-exec-8]com.yjq.programmer.interceptor.home.UserLoginInterceptor.preHandle:49 -当前URL=/home/cart/add
2020-12-07 22:52:26.610 INFO [http-nio-8080-exec-8]com.yjq.programmer.interceptor.home.UserLoginInterceptor.preHandle:50 -当前路径获取到的token=eyJ0eXAiOiJKV1QiLCJhbGciOiJIUzI1NiJ9.eyJwaG9uZSI6IjEzNTM5ODAyMzQxIiwiaWQiOiIxMSIsImV4cCI6MTYwNzk1NzUzNiwiaGVhZFBpYyI6ImNvbW1vbi91c2VyX2ltZy5qcGciLCJlbWFpbCI6IjI4NzI0OTU2OUBxcS5jb20iLCJ1c2VybmFtZSI6InVzZXIxIn0.Jz3_mmkA5BU56GDxwh0YWDyepxoJCWt_TqtlDohdYug
2020-12-07 22:52:27.519 INFO [http-nio-8080-exec-10]com.yjq.programmer.interceptor.home.UserLoginInterceptor.preHandle:49 -当前URL=/home/product/detail
2020-12-07 22:52:27.520 INFO [http-nio-8080-exec-10]com.yjq.programmer.interceptor.home.UserLoginInterceptor.preHandle:50 -当前路径获取到的token=eyJ0eXAiOiJKV1QiLCJhbGciOiJIUzI1NiJ9.eyJwaG9uZSI6IjEzNTM5ODAyMzQxIiwiaWQiOiIxMSIsImV4cCI6MTYwNzk1NzUzNiwiaGVhZFBpYyI6ImNvbW1vbi91c2VyX2ltZy5qcGciLCJlbWFpbCI6IjI4NzI0OTU2OUBxcS5jb20iLCJ1c2VybmFtZSI6InVzZXIxIn0.Jz3_mmkA5BU56GDxwh0YWDyepxoJCWt_TqtlDohdYug
2020-12-07 22:52:29.464 INFO [http-nio-8080-exec-7]com.yjq.programmer.interceptor.home.UserLoginInterceptor.preHandle:49 -当前URL=/home/product/vegetable
2020-12-07 22:52:29.464 INFO [http-nio-8080-exec-7]com.yjq.programmer.interceptor.home.UserLoginInterceptor.preHandle:50 -当前路径获取到的token=eyJ0eXAiOiJKV1QiLCJhbGciOiJIUzI1NiJ9.eyJwaG9uZSI6IjEzNTM5ODAyMzQxIiwiaWQiOiIxMSIsImV4cCI6MTYwNzk1NzUzNiwiaGVhZFBpYyI6ImNvbW1vbi91c2VyX2ltZy5qcGciLCJlbWFpbCI6IjI4NzI0OTU2OUBxcS5jb20iLCJ1c2VybmFtZSI6InVzZXIxIn0.Jz3_mmkA5BU56GDxwh0YWDyepxoJCWt_TqtlDohdYug
2020-12-07 22:52:32.441 INFO [http-nio-8080-exec-8]com.yjq.programmer.interceptor.home.UserLoginInterceptor.preHandle:49 -当前URL=/home/cart/add
2020-12-07 22:52:32.441 INFO [http-nio-8080-exec-8]com.yjq.programmer.interceptor.home.UserLoginInterceptor.preHandle:50 -当前路径获取到的token=eyJ0eXAiOiJKV1QiLCJhbGciOiJIUzI1NiJ9.eyJwaG9uZSI6IjEzNTM5ODAyMzQxIiwiaWQiOiIxMSIsImV4cCI6MTYwNzk1NzUzNiwiaGVhZFBpYyI6ImNvbW1vbi91c2VyX2ltZy5qcGciLCJlbWFpbCI6IjI4NzI0OTU2OUBxcS5jb20iLCJ1c2VybmFtZSI6InVzZXIxIn0.Jz3_mmkA5BU56GDxwh0YWDyepxoJCWt_TqtlDohdYug
2020-12-07 22:52:33.261 INFO [http-nio-8080-exec-5]com.yjq.programmer.interceptor.home.UserLoginInterceptor.preHandle:49 -当前URL=/home/product/vegetable
2020-12-07 22:52:33.262 INFO [http-nio-8080-exec-5]com.yjq.programmer.interceptor.home.UserLoginInterceptor.preHandle:50 -当前路径获取到的token=eyJ0eXAiOiJKV1QiLCJhbGciOiJIUzI1NiJ9.eyJwaG9uZSI6IjEzNTM5ODAyMzQxIiwiaWQiOiIxMSIsImV4cCI6MTYwNzk1NzUzNiwiaGVhZFBpYyI6ImNvbW1vbi91c2VyX2ltZy5qcGciLCJlbWFpbCI6IjI4NzI0OTU2OUBxcS5jb20iLCJ1c2VybmFtZSI6InVzZXIxIn0.Jz3_mmkA5BU56GDxwh0YWDyepxoJCWt_TqtlDohdYug
2020-12-07 22:52:41.546 INFO [http-nio-8080-exec-5]com.yjq.programmer.interceptor.home.UserLoginInterceptor.preHandle:49 -当前URL=/home/user/info
2020-12-07 22:52:41.546 INFO [http-nio-8080-exec-5]com.yjq.programmer.interceptor.home.UserLoginInterceptor.preHandle:50 -当前路径获取到的token=eyJ0eXAiOiJKV1QiLCJhbGciOiJIUzI1NiJ9.eyJwaG9uZSI6IjEzNTM5ODAyMzQxIiwiaWQiOiIxMSIsImV4cCI6MTYwNzk1NzUzNiwiaGVhZFBpYyI6ImNvbW1vbi91c2VyX2ltZy5qcGciLCJlbWFpbCI6IjI4NzI0OTU2OUBxcS5jb20iLCJ1c2VybmFtZSI6InVzZXIxIn0.Jz3_mmkA5BU56GDxwh0YWDyepxoJCWt_TqtlDohdYug
2020-12-07 22:52:43.254 INFO [http-nio-8080-exec-9]com.yjq.programmer.interceptor.home.UserLoginInterceptor.preHandle:49 -当前URL=/home/user/info
2020-12-07 22:52:43.255 INFO [http-nio-8080-exec-9]com.yjq.programmer.interceptor.home.UserLoginInterceptor.preHandle:50 -当前路径获取到的token=eyJ0eXAiOiJKV1QiLCJhbGciOiJIUzI1NiJ9.eyJwaG9uZSI6IjEzNTM5ODAyMzQxIiwiaWQiOiIxMSIsImV4cCI6MTYwNzk1NzUzNiwiaGVhZFBpYyI6ImNvbW1vbi91c2VyX2ltZy5qcGciLCJlbWFpbCI6IjI4NzI0OTU2OUBxcS5jb20iLCJ1c2VybmFtZSI6InVzZXIxIn0.Jz3_mmkA5BU56GDxwh0YWDyepxoJCWt_TqtlDohdYug
2020-12-07 22:52:45.533 INFO [http-nio-8080-exec-5]com.yjq.programmer.interceptor.home.UserLoginInterceptor.preHandle:49 -当前URL=/home/user/info
2020-12-07 22:52:45.533 INFO [http-nio-8080-exec-5]com.yjq.programmer.interceptor.home.UserLoginInterceptor.preHandle:50 -当前路径获取到的token=eyJ0eXAiOiJKV1QiLCJhbGciOiJIUzI1NiJ9.eyJwaG9uZSI6IjEzNTM5ODAyMzQxIiwiaWQiOiIxMSIsImV4cCI6MTYwNzk1NzUzNiwiaGVhZFBpYyI6ImNvbW1vbi91c2VyX2ltZy5qcGciLCJlbWFpbCI6IjI4NzI0OTU2OUBxcS5jb20iLCJ1c2VybmFtZSI6InVzZXIxIn0.Jz3_mmkA5BU56GDxwh0YWDyepxoJCWt_TqtlDohdYug
2020-12-07 22:52:49.372 INFO [http-nio-8080-exec-1]com.yjq.programmer.interceptor.home.UserLoginInterceptor.preHandle:49 -当前URL=/home/user/update_passwd
2020-12-07 22:52:49.373 INFO [http-nio-8080-exec-1]com.yjq.programmer.interceptor.home.UserLoginInterceptor.preHandle:50 -当前路径获取到的token=eyJ0eXAiOiJKV1QiLCJhbGciOiJIUzI1NiJ9.eyJwaG9uZSI6IjEzNTM5ODAyMzQxIiwiaWQiOiIxMSIsImV4cCI6MTYwNzk1NzUzNiwiaGVhZFBpYyI6ImNvbW1vbi91c2VyX2ltZy5qcGciLCJlbWFpbCI6IjI4NzI0OTU2OUBxcS5jb20iLCJ1c2VybmFtZSI6InVzZXIxIn0.Jz3_mmkA5BU56GDxwh0YWDyepxoJCWt_TqtlDohdYug
2020-12-07 22:52:52.317 INFO [http-nio-8080-exec-6]com.yjq.programmer.interceptor.home.UserLoginInterceptor.preHandle:49 -当前URL=/home/user/order
2020-12-07 22:52:52.318 INFO [http-nio-8080-exec-6]com.yjq.programmer.interceptor.home.UserLoginInterceptor.preHandle:50 -当前路径获取到的token=eyJ0eXAiOiJKV1QiLCJhbGciOiJIUzI1NiJ9.eyJwaG9uZSI6IjEzNTM5ODAyMzQxIiwiaWQiOiIxMSIsImV4cCI6MTYwNzk1NzUzNiwiaGVhZFBpYyI6ImNvbW1vbi91c2VyX2ltZy5qcGciLCJlbWFpbCI6IjI4NzI0OTU2OUBxcS5jb20iLCJ1c2VybmFtZSI6InVzZXIxIn0.Jz3_mmkA5BU56GDxwh0YWDyepxoJCWt_TqtlDohdYug
2020-12-07 22:52:58.207 INFO [http-nio-8080-exec-3]com.yjq.programmer.interceptor.home.UserLoginInterceptor.preHandle:49 -当前URL=/home/collect/index
2020-12-07 22:52:58.208 INFO [http-nio-8080-exec-3]com.yjq.programmer.interceptor.home.UserLoginInterceptor.preHandle:50 -当前路径获取到的token=eyJ0eXAiOiJKV1QiLCJhbGciOiJIUzI1NiJ9.eyJwaG9uZSI6IjEzNTM5ODAyMzQxIiwiaWQiOiIxMSIsImV4cCI6MTYwNzk1NzUzNiwiaGVhZFBpYyI6ImNvbW1vbi91c2VyX2ltZy5qcGciLCJlbWFpbCI6IjI4NzI0OTU2OUBxcS5jb20iLCJ1c2VybmFtZSI6InVzZXIxIn0.Jz3_mmkA5BU56GDxwh0YWDyepxoJCWt_TqtlDohdYug
2020-12-07 22:53:01.939 INFO [http-nio-8080-exec-10]com.yjq.programmer.interceptor.home.UserLoginInterceptor.preHandle:49 -当前URL=/home/cart/index
2020-12-07 22:53:01.939 INFO [http-nio-8080-exec-10]com.yjq.programmer.interceptor.home.UserLoginInterceptor.preHandle:50 -当前路径获取到的token=eyJ0eXAiOiJKV1QiLCJhbGciOiJIUzI1NiJ9.eyJwaG9uZSI6IjEzNTM5ODAyMzQxIiwiaWQiOiIxMSIsImV4cCI6MTYwNzk1NzUzNiwiaGVhZFBpYyI6ImNvbW1vbi91c2VyX2ltZy5qcGciLCJlbWFpbCI6IjI4NzI0OTU2OUBxcS5jb20iLCJ1c2VybmFtZSI6InVzZXIxIn0.Jz3_mmkA5BU56GDxwh0YWDyepxoJCWt_TqtlDohdYug
2020-12-07 22:53:09.203 INFO [http-nio-8080-exec-4]com.yjq.programmer.interceptor.home.UserLoginInterceptor.preHandle:49 -当前URL=/home/cart/update
2020-12-07 22:53:09.204 INFO [http-nio-8080-exec-4]com.yjq.programmer.interceptor.home.UserLoginInterceptor.preHandle:50 -当前路径获取到的token=eyJ0eXAiOiJKV1QiLCJhbGciOiJIUzI1NiJ9.eyJwaG9uZSI6IjEzNTM5ODAyMzQxIiwiaWQiOiIxMSIsImV4cCI6MTYwNzk1NzUzNiwiaGVhZFBpYyI6ImNvbW1vbi91c2VyX2ltZy5qcGciLCJlbWFpbCI6IjI4NzI0OTU2OUBxcS5jb20iLCJ1c2VybmFtZSI6InVzZXIxIn0.Jz3_mmkA5BU56GDxwh0YWDyepxoJCWt_TqtlDohdYug
2020-12-07 22:53:09.255 INFO [http-nio-8080-exec-10]com.yjq.programmer.interceptor.home.UserLoginInterceptor.preHandle:49 -当前URL=/home/cart/index
2020-12-07 22:53:09.255 INFO [http-nio-8080-exec-10]com.yjq.programmer.interceptor.home.UserLoginInterceptor.preHandle:50 -当前路径获取到的token=eyJ0eXAiOiJKV1QiLCJhbGciOiJIUzI1NiJ9.eyJwaG9uZSI6IjEzNTM5ODAyMzQxIiwiaWQiOiIxMSIsImV4cCI6MTYwNzk1NzUzNiwiaGVhZFBpYyI6ImNvbW1vbi91c2VyX2ltZy5qcGciLCJlbWFpbCI6IjI4NzI0OTU2OUBxcS5jb20iLCJ1c2VybmFtZSI6InVzZXIxIn0.Jz3_mmkA5BU56GDxwh0YWDyepxoJCWt_TqtlDohdYug
2020-12-07 22:53:13.971 INFO [http-nio-8080-exec-3]com.yjq.programmer.interceptor.home.UserLoginInterceptor.preHandle:49 -当前URL=/home/order/generate
2020-12-07 22:53:13.971 INFO [http-nio-8080-exec-3]com.yjq.programmer.interceptor.home.UserLoginInterceptor.preHandle:50 -当前路径获取到的token=eyJ0eXAiOiJKV1QiLCJhbGciOiJIUzI1NiJ9.eyJwaG9uZSI6IjEzNTM5ODAyMzQxIiwiaWQiOiIxMSIsImV4cCI6MTYwNzk1NzUzNiwiaGVhZFBpYyI6ImNvbW1vbi91c2VyX2ltZy5qcGciLCJlbWFpbCI6IjI4NzI0OTU2OUBxcS5jb20iLCJ1c2VybmFtZSI6InVzZXIxIn0.Jz3_mmkA5BU56GDxwh0YWDyepxoJCWt_TqtlDohdYug
2020-12-07 22:53:14.047 INFO [http-nio-8080-exec-4]com.yjq.programmer.interceptor.home.UserLoginInterceptor.preHandle:49 -当前URL=/home/order/index
2020-12-07 22:53:14.048 INFO [http-nio-8080-exec-4]com.yjq.programmer.interceptor.home.UserLoginInterceptor.preHandle:50 -当前路径获取到的token=eyJ0eXAiOiJKV1QiLCJhbGciOiJIUzI1NiJ9.eyJwaG9uZSI6IjEzNTM5ODAyMzQxIiwiaWQiOiIxMSIsImV4cCI6MTYwNzk1NzUzNiwiaGVhZFBpYyI6ImNvbW1vbi91c2VyX2ltZy5qcGciLCJlbWFpbCI6IjI4NzI0OTU2OUBxcS5jb20iLCJ1c2VybmFtZSI6InVzZXIxIn0.Jz3_mmkA5BU56GDxwh0YWDyepxoJCWt_TqtlDohdYug
2020-12-07 22:53:19.986 INFO [http-nio-8080-exec-9]com.yjq.programmer.interceptor.home.UserLoginInterceptor.preHandle:49 -当前URL=/home/order/index
2020-12-07 22:53:19.986 INFO [http-nio-8080-exec-9]com.yjq.programmer.interceptor.home.UserLoginInterceptor.preHandle:50 -当前路径获取到的token=eyJ0eXAiOiJKV1QiLCJhbGciOiJIUzI1NiJ9.eyJwaG9uZSI6IjEzNTM5ODAyMzQxIiwiaWQiOiIxMSIsImV4cCI6MTYwNzk1NzUzNiwiaGVhZFBpYyI6ImNvbW1vbi91c2VyX2ltZy5qcGciLCJlbWFpbCI6IjI4NzI0OTU2OUBxcS5jb20iLCJ1c2VybmFtZSI6InVzZXIxIn0.Jz3_mmkA5BU56GDxwh0YWDyepxoJCWt_TqtlDohdYug
2020-12-07 22:53:21.090 INFO [http-nio-8080-exec-10]com.yjq.programmer.interceptor.home.UserLoginInterceptor.preHandle:49 -当前URL=/home/address/index
2020-12-07 22:53:21.090 INFO [http-nio-8080-exec-10]com.yjq.programmer.interceptor.home.UserLoginInterceptor.preHandle:50 -当前路径获取到的token=eyJ0eXAiOiJKV1QiLCJhbGciOiJIUzI1NiJ9.eyJwaG9uZSI6IjEzNTM5ODAyMzQxIiwiaWQiOiIxMSIsImV4cCI6MTYwNzk1NzUzNiwiaGVhZFBpYyI6ImNvbW1vbi91c2VyX2ltZy5qcGciLCJlbWFpbCI6IjI4NzI0OTU2OUBxcS5jb20iLCJ1c2VybmFtZSI6InVzZXIxIn0.Jz3_mmkA5BU56GDxwh0YWDyepxoJCWt_TqtlDohdYug
2020-12-07 22:53:21.239 INFO [http-nio-8080-exec-9]com.yjq.programmer.interceptor.home.UserLoginInterceptor.preHandle:49 -当前URL=/static/home/images/AD_page_img_02.png
2020-12-07 22:53:21.239 INFO [http-nio-8080-exec-9]com.yjq.programmer.interceptor.home.UserLoginInterceptor.preHandle:50 -当前路径获取到的token=eyJ0eXAiOiJKV1QiLCJhbGciOiJIUzI1NiJ9.eyJwaG9uZSI6IjEzNTM5ODAyMzQxIiwiaWQiOiIxMSIsImV4cCI6MTYwNzk1NzUzNiwiaGVhZFBpYyI6ImNvbW1vbi91c2VyX2ltZy5qcGciLCJlbWFpbCI6IjI4NzI0OTU2OUBxcS5jb20iLCJ1c2VybmFtZSI6InVzZXIxIn0.Jz3_mmkA5BU56GDxwh0YWDyepxoJCWt_TqtlDohdYug
2020-12-07 22:54:19.373 INFO [http-nio-8080-exec-10]com.yjq.programmer.interceptor.home.UserLoginInterceptor.preHandle:49 -当前URL=/home/address/add
2020-12-07 22:54:19.373 INFO [http-nio-8080-exec-10]com.yjq.programmer.interceptor.home.UserLoginInterceptor.preHandle:50 -当前路径获取到的token=eyJ0eXAiOiJKV1QiLCJhbGciOiJIUzI1NiJ9.eyJwaG9uZSI6IjEzNTM5ODAyMzQxIiwiaWQiOiIxMSIsImV4cCI6MTYwNzk1NzUzNiwiaGVhZFBpYyI6ImNvbW1vbi91c2VyX2ltZy5qcGciLCJlbWFpbCI6IjI4NzI0OTU2OUBxcS5jb20iLCJ1c2VybmFtZSI6InVzZXIxIn0.Jz3_mmkA5BU56GDxwh0YWDyepxoJCWt_TqtlDohdYug
2020-12-07 22:54:20.476 INFO [http-nio-8080-exec-6]com.yjq.programmer.interceptor.home.UserLoginInterceptor.preHandle:49 -当前URL=/home/address/index
2020-12-07 22:54:20.476 INFO [http-nio-8080-exec-6]com.yjq.programmer.interceptor.home.UserLoginInterceptor.preHandle:50 -当前路径获取到的token=eyJ0eXAiOiJKV1QiLCJhbGciOiJIUzI1NiJ9.eyJwaG9uZSI6IjEzNTM5ODAyMzQxIiwiaWQiOiIxMSIsImV4cCI6MTYwNzk1NzUzNiwiaGVhZFBpYyI6ImNvbW1vbi91c2VyX2ltZy5qcGciLCJlbWFpbCI6IjI4NzI0OTU2OUBxcS5jb20iLCJ1c2VybmFtZSI6InVzZXIxIn0.Jz3_mmkA5BU56GDxwh0YWDyepxoJCWt_TqtlDohdYug
2020-12-07 22:54:20.662 INFO [http-nio-8080-exec-7]com.yjq.programmer.interceptor.home.UserLoginInterceptor.preHandle:49 -当前URL=/static/home/images/AD_page_img_02.png
2020-12-07 22:54:20.663 INFO [http-nio-8080-exec-7]com.yjq.programmer.interceptor.home.UserLoginInterceptor.preHandle:50 -当前路径获取到的token=eyJ0eXAiOiJKV1QiLCJhbGciOiJIUzI1NiJ9.eyJwaG9uZSI6IjEzNTM5ODAyMzQxIiwiaWQiOiIxMSIsImV4cCI6MTYwNzk1NzUzNiwiaGVhZFBpYyI6ImNvbW1vbi91c2VyX2ltZy5qcGciLCJlbWFpbCI6IjI4NzI0OTU2OUBxcS5jb20iLCJ1c2VybmFtZSI6InVzZXIxIn0.Jz3_mmkA5BU56GDxwh0YWDyepxoJCWt_TqtlDohdYug
2020-12-07 22:54:23.267 INFO [http-nio-8080-exec-10]com.yjq.programmer.interceptor.home.UserLoginInterceptor.preHandle:49 -当前URL=/home/cart/index
2020-12-07 22:54:23.267 INFO [http-nio-8080-exec-10]com.yjq.programmer.interceptor.home.UserLoginInterceptor.preHandle:50 -当前路径获取到的token=eyJ0eXAiOiJKV1QiLCJhbGciOiJIUzI1NiJ9.eyJwaG9uZSI6IjEzNTM5ODAyMzQxIiwiaWQiOiIxMSIsImV4cCI6MTYwNzk1NzUzNiwiaGVhZFBpYyI6ImNvbW1vbi91c2VyX2ltZy5qcGciLCJlbWFpbCI6IjI4NzI0OTU2OUBxcS5jb20iLCJ1c2VybmFtZSI6InVzZXIxIn0.Jz3_mmkA5BU56GDxwh0YWDyepxoJCWt_TqtlDohdYug
2020-12-07 22:54:27.642 INFO [http-nio-8080-exec-2]com.yjq.programmer.interceptor.home.UserLoginInterceptor.preHandle:49 -当前URL=/home/order/generate
2020-12-07 22:54:27.642 INFO [http-nio-8080-exec-2]com.yjq.programmer.interceptor.home.UserLoginInterceptor.preHandle:50 -当前路径获取到的token=eyJ0eXAiOiJKV1QiLCJhbGciOiJIUzI1NiJ9.eyJwaG9uZSI6IjEzNTM5ODAyMzQxIiwiaWQiOiIxMSIsImV4cCI6MTYwNzk1NzUzNiwiaGVhZFBpYyI6ImNvbW1vbi91c2VyX2ltZy5qcGciLCJlbWFpbCI6IjI4NzI0OTU2OUBxcS5jb20iLCJ1c2VybmFtZSI6InVzZXIxIn0.Jz3_mmkA5BU56GDxwh0YWDyepxoJCWt_TqtlDohdYug
2020-12-07 22:54:27.697 INFO [http-nio-8080-exec-1]com.yjq.programmer.interceptor.home.UserLoginInterceptor.preHandle:49 -当前URL=/home/order/index
2020-12-07 22:54:27.697 INFO [http-nio-8080-exec-1]com.yjq.programmer.interceptor.home.UserLoginInterceptor.preHandle:50 -当前路径获取到的token=eyJ0eXAiOiJKV1QiLCJhbGciOiJIUzI1NiJ9.eyJwaG9uZSI6IjEzNTM5ODAyMzQxIiwiaWQiOiIxMSIsImV4cCI6MTYwNzk1NzUzNiwiaGVhZFBpYyI6ImNvbW1vbi91c2VyX2ltZy5qcGciLCJlbWFpbCI6IjI4NzI0OTU2OUBxcS5jb20iLCJ1c2VybmFtZSI6InVzZXIxIn0.Jz3_mmkA5BU56GDxwh0YWDyepxoJCWt_TqtlDohdYug
2020-12-07 22:54:30.151 INFO [http-nio-8080-exec-7]com.yjq.programmer.interceptor.home.UserLoginInterceptor.preHandle:49 -当前URL=/home/address/index
2020-12-07 22:54:30.151 INFO [http-nio-8080-exec-7]com.yjq.programmer.interceptor.home.UserLoginInterceptor.preHandle:50 -当前路径获取到的token=eyJ0eXAiOiJKV1QiLCJhbGciOiJIUzI1NiJ9.eyJwaG9uZSI6IjEzNTM5ODAyMzQxIiwiaWQiOiIxMSIsImV4cCI6MTYwNzk1NzUzNiwiaGVhZFBpYyI6ImNvbW1vbi91c2VyX2ltZy5qcGciLCJlbWFpbCI6IjI4NzI0OTU2OUBxcS5jb20iLCJ1c2VybmFtZSI6InVzZXIxIn0.Jz3_mmkA5BU56GDxwh0YWDyepxoJCWt_TqtlDohdYug
2020-12-07 22:54:30.320 INFO [http-nio-8080-exec-5]com.yjq.programmer.interceptor.home.UserLoginInterceptor.preHandle:49 -当前URL=/static/home/images/AD_page_img_02.png
2020-12-07 22:54:30.321 INFO [http-nio-8080-exec-5]com.yjq.programmer.interceptor.home.UserLoginInterceptor.preHandle:50 -当前路径获取到的token=eyJ0eXAiOiJKV1QiLCJhbGciOiJIUzI1NiJ9.eyJwaG9uZSI6IjEzNTM5ODAyMzQxIiwiaWQiOiIxMSIsImV4cCI6MTYwNzk1NzUzNiwiaGVhZFBpYyI6ImNvbW1vbi91c2VyX2ltZy5qcGciLCJlbWFpbCI6IjI4NzI0OTU2OUBxcS5jb20iLCJ1c2VybmFtZSI6InVzZXIxIn0.Jz3_mmkA5BU56GDxwh0YWDyepxoJCWt_TqtlDohdYug
2020-12-07 22:54:32.640 INFO [http-nio-8080-exec-10]com.yjq.programmer.interceptor.home.UserLoginInterceptor.preHandle:49 -当前URL=/home/address/set_first_selected
2020-12-07 22:54:32.641 INFO [http-nio-8080-exec-10]com.yjq.programmer.interceptor.home.UserLoginInterceptor.preHandle:50 -当前路径获取到的token=eyJ0eXAiOiJKV1QiLCJhbGciOiJIUzI1NiJ9.eyJwaG9uZSI6IjEzNTM5ODAyMzQxIiwiaWQiOiIxMSIsImV4cCI6MTYwNzk1NzUzNiwiaGVhZFBpYyI6ImNvbW1vbi91c2VyX2ltZy5qcGciLCJlbWFpbCI6IjI4NzI0OTU2OUBxcS5jb20iLCJ1c2VybmFtZSI6InVzZXIxIn0.Jz3_mmkA5BU56GDxwh0YWDyepxoJCWt_TqtlDohdYug
2020-12-07 22:54:33.622 INFO [http-nio-8080-exec-8]com.yjq.programmer.interceptor.home.UserLoginInterceptor.preHandle:49 -当前URL=/home/address/index
2020-12-07 22:54:33.622 INFO [http-nio-8080-exec-8]com.yjq.programmer.interceptor.home.UserLoginInterceptor.preHandle:50 -当前路径获取到的token=eyJ0eXAiOiJKV1QiLCJhbGciOiJIUzI1NiJ9.eyJwaG9uZSI6IjEzNTM5ODAyMzQxIiwiaWQiOiIxMSIsImV4cCI6MTYwNzk1NzUzNiwiaGVhZFBpYyI6ImNvbW1vbi91c2VyX2ltZy5qcGciLCJlbWFpbCI6IjI4NzI0OTU2OUBxcS5jb20iLCJ1c2VybmFtZSI6InVzZXIxIn0.Jz3_mmkA5BU56GDxwh0YWDyepxoJCWt_TqtlDohdYug
2020-12-07 22:54:33.792 INFO [http-nio-8080-exec-2]com.yjq.programmer.interceptor.home.UserLoginInterceptor.preHandle:49 -当前URL=/static/home/images/AD_page_img_02.png
2020-12-07 22:54:33.792 INFO [http-nio-8080-exec-2]com.yjq.programmer.interceptor.home.UserLoginInterceptor.preHandle:50 -当前路径获取到的token=eyJ0eXAiOiJKV1QiLCJhbGciOiJIUzI1NiJ9.eyJwaG9uZSI6IjEzNTM5ODAyMzQxIiwiaWQiOiIxMSIsImV4cCI6MTYwNzk1NzUzNiwiaGVhZFBpYyI6ImNvbW1vbi91c2VyX2ltZy5qcGciLCJlbWFpbCI6IjI4NzI0OTU2OUBxcS5jb20iLCJ1c2VybmFtZSI6InVzZXIxIn0.Jz3_mmkA5BU56GDxwh0YWDyepxoJCWt_TqtlDohdYug
2020-12-07 22:54:40.368 INFO [http-nio-8080-exec-5]com.yjq.programmer.interceptor.home.UserLoginInterceptor.preHandle:49 -当前URL=/home/user/order
2020-12-07 22:54:40.368 INFO [http-nio-8080-exec-5]com.yjq.programmer.interceptor.home.UserLoginInterceptor.preHandle:50 -当前路径获取到的token=eyJ0eXAiOiJKV1QiLCJhbGciOiJIUzI1NiJ9.eyJwaG9uZSI6IjEzNTM5ODAyMzQxIiwiaWQiOiIxMSIsImV4cCI6MTYwNzk1NzUzNiwiaGVhZFBpYyI6ImNvbW1vbi91c2VyX2ltZy5qcGciLCJlbWFpbCI6IjI4NzI0OTU2OUBxcS5jb20iLCJ1c2VybmFtZSI6InVzZXIxIn0.Jz3_mmkA5BU56GDxwh0YWDyepxoJCWt_TqtlDohdYug
2020-12-07 22:54:47.778 INFO [http-nio-8080-exec-1]com.yjq.programmer.interceptor.home.UserLoginInterceptor.preHandle:49 -当前URL=/home/cart/index
2020-12-07 22:54:47.778 INFO [http-nio-8080-exec-1]com.yjq.programmer.interceptor.home.UserLoginInterceptor.preHandle:50 -当前路径获取到的token=eyJ0eXAiOiJKV1QiLCJhbGciOiJIUzI1NiJ9.eyJwaG9uZSI6IjEzNTM5ODAyMzQxIiwiaWQiOiIxMSIsImV4cCI6MTYwNzk1NzUzNiwiaGVhZFBpYyI6ImNvbW1vbi91c2VyX2ltZy5qcGciLCJlbWFpbCI6IjI4NzI0OTU2OUBxcS5jb20iLCJ1c2VybmFtZSI6InVzZXIxIn0.Jz3_mmkA5BU56GDxwh0YWDyepxoJCWt_TqtlDohdYug
2020-12-07 22:54:51.953 INFO [http-nio-8080-exec-10]com.yjq.programmer.interceptor.home.UserLoginInterceptor.preHandle:49 -当前URL=/home/order/generate
2020-12-07 22:54:51.953 INFO [http-nio-8080-exec-10]com.yjq.programmer.interceptor.home.UserLoginInterceptor.preHandle:50 -当前路径获取到的token=eyJ0eXAiOiJKV1QiLCJhbGciOiJIUzI1NiJ9.eyJwaG9uZSI6IjEzNTM5ODAyMzQxIiwiaWQiOiIxMSIsImV4cCI6MTYwNzk1NzUzNiwiaGVhZFBpYyI6ImNvbW1vbi91c2VyX2ltZy5qcGciLCJlbWFpbCI6IjI4NzI0OTU2OUBxcS5jb20iLCJ1c2VybmFtZSI6InVzZXIxIn0.Jz3_mmkA5BU56GDxwh0YWDyepxoJCWt_TqtlDohdYug
2020-12-07 22:54:52.006 INFO [http-nio-8080-exec-4]com.yjq.programmer.interceptor.home.UserLoginInterceptor.preHandle:49 -当前URL=/home/order/index
2020-12-07 22:54:52.007 INFO [http-nio-8080-exec-4]com.yjq.programmer.interceptor.home.UserLoginInterceptor.preHandle:50 -当前路径获取到的token=eyJ0eXAiOiJKV1QiLCJhbGciOiJIUzI1NiJ9.eyJwaG9uZSI6IjEzNTM5ODAyMzQxIiwiaWQiOiIxMSIsImV4cCI6MTYwNzk1NzUzNiwiaGVhZFBpYyI6ImNvbW1vbi91c2VyX2ltZy5qcGciLCJlbWFpbCI6IjI4NzI0OTU2OUBxcS5jb20iLCJ1c2VybmFtZSI6InVzZXIxIn0.Jz3_mmkA5BU56GDxwh0YWDyepxoJCWt_TqtlDohdYug
2020-12-07 22:54:55.861 INFO [http-nio-8080-exec-9]com.yjq.programmer.interceptor.home.UserLoginInterceptor.preHandle:49 -当前URL=/home/order/submit
2020-12-07 22:54:55.862 INFO [http-nio-8080-exec-9]com.yjq.programmer.interceptor.home.UserLoginInterceptor.preHandle:50 -当前路径获取到的token=eyJ0eXAiOiJKV1QiLCJhbGciOiJIUzI1NiJ9.eyJwaG9uZSI6IjEzNTM5ODAyMzQxIiwiaWQiOiIxMSIsImV4cCI6MTYwNzk1NzUzNiwiaGVhZFBpYyI6ImNvbW1vbi91c2VyX2ltZy5qcGciLCJlbWFpbCI6IjI4NzI0OTU2OUBxcS5jb20iLCJ1c2VybmFtZSI6InVzZXIxIn0.Jz3_mmkA5BU56GDxwh0YWDyepxoJCWt_TqtlDohdYug
2020-12-07 22:55:01.233 INFO [http-nio-8080-exec-10]com.yjq.programmer.interceptor.home.UserLoginInterceptor.preHandle:49 -当前URL=/home/user/order
2020-12-07 22:55:01.234 INFO [http-nio-8080-exec-10]com.yjq.programmer.interceptor.home.UserLoginInterceptor.preHandle:50 -当前路径获取到的token=eyJ0eXAiOiJKV1QiLCJhbGciOiJIUzI1NiJ9.eyJwaG9uZSI6IjEzNTM5ODAyMzQxIiwiaWQiOiIxMSIsImV4cCI6MTYwNzk1NzUzNiwiaGVhZFBpYyI6ImNvbW1vbi91c2VyX2ltZy5qcGciLCJlbWFpbCI6IjI4NzI0OTU2OUBxcS5jb20iLCJ1c2VybmFtZSI6InVzZXIxIn0.Jz3_mmkA5BU56GDxwh0YWDyepxoJCWt_TqtlDohdYug
2020-12-07 22:55:04.335 INFO [http-nio-8080-exec-5]com.yjq.programmer.interceptor.home.UserLoginInterceptor.preHandle:49 -当前URL=/home/user/order
2020-12-07 22:55:04.336 INFO [http-nio-8080-exec-5]com.yjq.programmer.interceptor.home.UserLoginInterceptor.preHandle:50 -当前路径获取到的token=eyJ0eXAiOiJKV1QiLCJhbGciOiJIUzI1NiJ9.eyJwaG9uZSI6IjEzNTM5ODAyMzQxIiwiaWQiOiIxMSIsImV4cCI6MTYwNzk1NzUzNiwiaGVhZFBpYyI6ImNvbW1vbi91c2VyX2ltZy5qcGciLCJlbWFpbCI6IjI4NzI0OTU2OUBxcS5jb20iLCJ1c2VybmFtZSI6InVzZXIxIn0.Jz3_mmkA5BU56GDxwh0YWDyepxoJCWt_TqtlDohdYug
2020-12-07 22:55:07.791 INFO [http-nio-8080-exec-6]com.yjq.programmer.interceptor.home.UserLoginInterceptor.preHandle:49 -当前URL=/home/user/order
2020-12-07 22:55:07.792 INFO [http-nio-8080-exec-6]com.yjq.programmer.interceptor.home.UserLoginInterceptor.preHandle:50 -当前路径获取到的token=eyJ0eXAiOiJKV1QiLCJhbGciOiJIUzI1NiJ9.eyJwaG9uZSI6IjEzNTM5ODAyMzQxIiwiaWQiOiIxMSIsImV4cCI6MTYwNzk1NzUzNiwiaGVhZFBpYyI6ImNvbW1vbi91c2VyX2ltZy5qcGciLCJlbWFpbCI6IjI4NzI0OTU2OUBxcS5jb20iLCJ1c2VybmFtZSI6InVzZXIxIn0.Jz3_mmkA5BU56GDxwh0YWDyepxoJCWt_TqtlDohdYug
2020-12-07 22:55:12.624 INFO [http-nio-8080-exec-4]com.yjq.programmer.interceptor.home.UserLoginInterceptor.preHandle:49 -当前URL=/home/user/order
2020-12-07 22:55:12.625 INFO [http-nio-8080-exec-4]com.yjq.programmer.interceptor.home.UserLoginInterceptor.preHandle:50 -当前路径获取到的token=eyJ0eXAiOiJKV1QiLCJhbGciOiJIUzI1NiJ9.eyJwaG9uZSI6IjEzNTM5ODAyMzQxIiwiaWQiOiIxMSIsImV4cCI6MTYwNzk1NzUzNiwiaGVhZFBpYyI6ImNvbW1vbi91c2VyX2ltZy5qcGciLCJlbWFpbCI6IjI4NzI0OTU2OUBxcS5jb20iLCJ1c2VybmFtZSI6InVzZXIxIn0.Jz3_mmkA5BU56GDxwh0YWDyepxoJCWt_TqtlDohdYug
2020-12-07 22:55:40.171 INFO [http-nio-8080-exec-3]com.yjq.programmer.interceptor.home.UserLoginInterceptor.preHandle:49 -当前URL=/home/collect/index
2020-12-07 22:55:40.172 INFO [http-nio-8080-exec-3]com.yjq.programmer.interceptor.home.UserLoginInterceptor.preHandle:50 -当前路径获取到的token=eyJ0eXAiOiJKV1QiLCJhbGciOiJIUzI1NiJ9.eyJwaG9uZSI6IjEzNTM5ODAyMzQxIiwiaWQiOiIxMSIsImV4cCI6MTYwNzk1NzUzNiwiaGVhZFBpYyI6ImNvbW1vbi91c2VyX2ltZy5qcGciLCJlbWFpbCI6IjI4NzI0OTU2OUBxcS5jb20iLCJ1c2VybmFtZSI6InVzZXIxIn0.Jz3_mmkA5BU56GDxwh0YWDyepxoJCWt_TqtlDohdYug
2020-12-07 22:55:46.233 INFO [http-nio-8080-exec-7]com.yjq.programmer.interceptor.home.UserLoginInterceptor.preHandle:49 -当前URL=/home/product/fruit
2020-12-07 22:55:46.233 INFO [http-nio-8080-exec-7]com.yjq.programmer.interceptor.home.UserLoginInterceptor.preHandle:50 -当前路径获取到的token=eyJ0eXAiOiJKV1QiLCJhbGciOiJIUzI1NiJ9.eyJwaG9uZSI6IjEzNTM5ODAyMzQxIiwiaWQiOiIxMSIsImV4cCI6MTYwNzk1NzUzNiwiaGVhZFBpYyI6ImNvbW1vbi91c2VyX2ltZy5qcGciLCJlbWFpbCI6IjI4NzI0OTU2OUBxcS5jb20iLCJ1c2VybmFtZSI6InVzZXIxIn0.Jz3_mmkA5BU56GDxwh0YWDyepxoJCWt_TqtlDohdYug
2020-12-07 22:56:35.362 INFO [http-nio-8080-exec-10]com.yjq.programmer.interceptor.home.UserLoginInterceptor.preHandle:49 -当前URL=/home/user/info
2020-12-07 22:56:35.363 INFO [http-nio-8080-exec-10]com.yjq.programmer.interceptor.home.UserLoginInterceptor.preHandle:50 -当前路径获取到的token=eyJ0eXAiOiJKV1QiLCJhbGciOiJIUzI1NiJ9.eyJwaG9uZSI6IjEzNTM5ODAyMzQxIiwiaWQiOiIxMSIsImV4cCI6MTYwNzk1NzUzNiwiaGVhZFBpYyI6ImNvbW1vbi91c2VyX2ltZy5qcGciLCJlbWFpbCI6IjI4NzI0OTU2OUBxcS5jb20iLCJ1c2VybmFtZSI6InVzZXIxIn0.Jz3_mmkA5BU56GDxwh0YWDyepxoJCWt_TqtlDohdYug
2020-12-07 22:56:37.332 INFO [http-nio-8080-exec-6]com.yjq.programmer.interceptor.home.UserLoginInterceptor.preHandle:49 -当前URL=/home/user/order
2020-12-07 22:56:37.333 INFO [http-nio-8080-exec-6]com.yjq.programmer.interceptor.home.UserLoginInterceptor.preHandle:50 -当前路径获取到的token=eyJ0eXAiOiJKV1QiLCJhbGciOiJIUzI1NiJ9.eyJwaG9uZSI6IjEzNTM5ODAyMzQxIiwiaWQiOiIxMSIsImV4cCI6MTYwNzk1NzUzNiwiaGVhZFBpYyI6ImNvbW1vbi91c2VyX2ltZy5qcGciLCJlbWFpbCI6IjI4NzI0OTU2OUBxcS5jb20iLCJ1c2VybmFtZSI6InVzZXIxIn0.Jz3_mmkA5BU56GDxwh0YWDyepxoJCWt_TqtlDohdYug
2020-12-07 22:57:05.668 INFO [http-nio-8080-exec-7]c.yjq.programmer.interceptor.admin.AdminLoginInterceptor.preHandle:34 -当前URL=/admin/admin/index
2020-12-07 22:57:05.668 INFO [http-nio-8080-exec-7]c.yjq.programmer.interceptor.admin.AdminLoginInterceptor.preHandle:50 -没有登录或session失效，跳转登录界面！当前URL={}/admin/admin/index
2020-12-07 22:57:05.739 INFO [http-nio-8080-exec-2]com.yjq.programmer.controller.common.CpachaController.generateCpacha:51 -验证码成功生成，method=admin_login,value=i6Wh
2020-12-07 22:57:28.152 INFO [http-nio-8080-exec-9]com.yjq.programmer.controller.common.CpachaController.generateCpacha:51 -验证码成功生成，method=admin_login,value=SixG
2020-12-07 22:57:28.502 INFO [http-nio-8080-exec-7]com.yjq.programmer.controller.common.CpachaController.generateCpacha:51 -验证码成功生成，method=admin_login,value=bXjt
2020-12-07 22:57:32.617 INFO [http-nio-8080-exec-4]com.yjq.programmer.controller.common.CpachaController.generateCpacha:51 -验证码成功生成，method=admin_login,value=QiNX
2020-12-07 22:57:35.626 INFO [http-nio-8080-exec-9]com.yjq.programmer.controller.common.CpachaController.generateCpacha:51 -验证码成功生成，method=admin_login,value=3K6j
2020-12-07 23:00:05.386 INFO [http-nio-8080-exec-6]com.yjq.programmer.interceptor.home.UserLoginInterceptor.preHandle:49 -当前URL=/home/user
2020-12-07 23:00:05.387 INFO [http-nio-8080-exec-6]com.yjq.programmer.interceptor.home.UserLoginInterceptor.preHandle:50 -当前路径获取到的token=eyJ0eXAiOiJKV1QiLCJhbGciOiJIUzI1NiJ9.eyJwaG9uZSI6IjEzNTM5ODAyMzQxIiwiaWQiOiIxMSIsImV4cCI6MTYwNzk1NzUzNiwiaGVhZFBpYyI6ImNvbW1vbi91c2VyX2ltZy5qcGciLCJlbWFpbCI6IjI4NzI0OTU2OUBxcS5jb20iLCJ1c2VybmFtZSI6InVzZXIxIn0.Jz3_mmkA5BU56GDxwh0YWDyepxoJCWt_TqtlDohdYug
2020-12-07 23:00:14.332 INFO [http-nio-8080-exec-7]com.yjq.programmer.interceptor.home.UserLoginInterceptor.preHandle:49 -当前URL=/home/user/login
2020-12-07 23:00:14.333 INFO [http-nio-8080-exec-7]com.yjq.programmer.interceptor.home.UserLoginInterceptor.preHandle:50 -当前路径获取到的token=eyJ0eXAiOiJKV1QiLCJhbGciOiJIUzI1NiJ9.eyJwaG9uZSI6IjEzNTM5ODAyMzQxIiwiaWQiOiIxMSIsImV4cCI6MTYwNzk1NzUzNiwiaGVhZFBpYyI6ImNvbW1vbi91c2VyX2ltZy5qcGciLCJlbWFpbCI6IjI4NzI0OTU2OUBxcS5jb20iLCJ1c2VybmFtZSI6InVzZXIxIn0.Jz3_mmkA5BU56GDxwh0YWDyepxoJCWt_TqtlDohdYug
2020-12-07 23:00:17.455 INFO [http-nio-8080-exec-8]com.yjq.programmer.interceptor.home.UserLoginInterceptor.preHandle:49 -当前URL=/home/system/index
2020-12-07 23:00:17.455 INFO [http-nio-8080-exec-8]com.yjq.programmer.interceptor.home.UserLoginInterceptor.preHandle:50 -当前路径获取到的token=eyJ0eXAiOiJKV1QiLCJhbGciOiJIUzI1NiJ9.eyJwaG9uZSI6IjEzNTM5ODAyMzQxIiwiaWQiOiIxMSIsImV4cCI6MTYwNzk1NzUzNiwiaGVhZFBpYyI6ImNvbW1vbi91c2VyX2ltZy5qcGciLCJlbWFpbCI6IjI4NzI0OTU2OUBxcS5jb20iLCJ1c2VybmFtZSI6InVzZXIxIn0.Jz3_mmkA5BU56GDxwh0YWDyepxoJCWt_TqtlDohdYug
2020-12-07 23:00:49.231 INFO [http-nio-8080-exec-4]com.yjq.programmer.controller.common.CpachaController.generateCpacha:51 -验证码成功生成，method=admin_login,value=NUVF
2020-12-07 23:00:55.858 INFO [http-nio-8080-exec-3]c.yjq.programmer.interceptor.admin.AdminLoginInterceptor.preHandle:34 -当前URL=/admin/admin/index
2020-12-07 23:00:55.858 INFO [http-nio-8080-exec-3]c.yjq.programmer.interceptor.admin.AdminLoginInterceptor.preHandle:50 -没有登录或session失效，跳转登录界面！当前URL={}/admin/admin/index
2020-12-07 23:00:55.902 INFO [http-nio-8080-exec-3]com.yjq.programmer.controller.common.CpachaController.generateCpacha:51 -验证码成功生成，method=admin_login,value=Y4rN
2020-12-07 23:02:39.199 INFO [http-nio-8080-exec-6]com.yjq.programmer.interceptor.home.UserLoginInterceptor.preHandle:49 -当前URL=/home/user/info
2020-12-07 23:02:39.200 INFO [http-nio-8080-exec-6]com.yjq.programmer.interceptor.home.UserLoginInterceptor.preHandle:50 -当前路径获取到的token=eyJ0eXAiOiJKV1QiLCJhbGciOiJIUzI1NiJ9.eyJwaG9uZSI6IjEzNTM5ODAyMzQxIiwiaWQiOiIxMSIsImV4cCI6MTYwNzk1NzUzNiwiaGVhZFBpYyI6ImNvbW1vbi91c2VyX2ltZy5qcGciLCJlbWFpbCI6IjI4NzI0OTU2OUBxcS5jb20iLCJ1c2VybmFtZSI6InVzZXIxIn0.Jz3_mmkA5BU56GDxwh0YWDyepxoJCWt_TqtlDohdYug
2020-12-07 23:02:41.299 INFO [http-nio-8080-exec-9]com.yjq.programmer.interceptor.home.UserLoginInterceptor.preHandle:49 -当前URL=/home/user/comment
2020-12-07 23:02:41.300 INFO [http-nio-8080-exec-9]com.yjq.programmer.interceptor.home.UserLoginInterceptor.preHandle:50 -当前路径获取到的token=eyJ0eXAiOiJKV1QiLCJhbGciOiJIUzI1NiJ9.eyJwaG9uZSI6IjEzNTM5ODAyMzQxIiwiaWQiOiIxMSIsImV4cCI6MTYwNzk1NzUzNiwiaGVhZFBpYyI6ImNvbW1vbi91c2VyX2ltZy5qcGciLCJlbWFpbCI6IjI4NzI0OTU2OUBxcS5jb20iLCJ1c2VybmFtZSI6InVzZXIxIn0.Jz3_mmkA5BU56GDxwh0YWDyepxoJCWt_TqtlDohdYug
2020-12-07 23:02:42.966 INFO [http-nio-8080-exec-8]com.yjq.programmer.interceptor.home.UserLoginInterceptor.preHandle:49 -当前URL=/home/user/order
2020-12-07 23:02:42.966 INFO [http-nio-8080-exec-8]com.yjq.programmer.interceptor.home.UserLoginInterceptor.preHandle:50 -当前路径获取到的token=eyJ0eXAiOiJKV1QiLCJhbGciOiJIUzI1NiJ9.eyJwaG9uZSI6IjEzNTM5ODAyMzQxIiwiaWQiOiIxMSIsImV4cCI6MTYwNzk1NzUzNiwiaGVhZFBpYyI6ImNvbW1vbi91c2VyX2ltZy5qcGciLCJlbWFpbCI6IjI4NzI0OTU2OUBxcS5jb20iLCJ1c2VybmFtZSI6InVzZXIxIn0.Jz3_mmkA5BU56GDxwh0YWDyepxoJCWt_TqtlDohdYug
2020-12-07 23:03:01.129 INFO [http-nio-8080-exec-5]com.yjq.programmer.controller.common.CpachaController.generateCpacha:51 -验证码成功生成，method=admin_login,value=abBw
2020-12-07 23:04:26.602 INFO [http-nio-8080-exec-2]com.yjq.programmer.interceptor.home.UserLoginInterceptor.preHandle:49 -当前URL=/home/user/order
2020-12-07 23:04:26.602 INFO [http-nio-8080-exec-2]com.yjq.programmer.interceptor.home.UserLoginInterceptor.preHandle:50 -当前路径获取到的token=eyJ0eXAiOiJKV1QiLCJhbGciOiJIUzI1NiJ9.eyJwaG9uZSI6IjEzNTM5ODAyMzQxIiwiaWQiOiIxMSIsImV4cCI6MTYwNzk1NzUzNiwiaGVhZFBpYyI6ImNvbW1vbi91c2VyX2ltZy5qcGciLCJlbWFpbCI6IjI4NzI0OTU2OUBxcS5jb20iLCJ1c2VybmFtZSI6InVzZXIxIn0.Jz3_mmkA5BU56GDxwh0YWDyepxoJCWt_TqtlDohdYug
2020-12-07 23:04:42.173 INFO [http-nio-8080-exec-10]com.yjq.programmer.interceptor.home.UserLoginInterceptor.preHandle:49 -当前URL=/home/user/order
2020-12-07 23:04:42.173 INFO [http-nio-8080-exec-10]com.yjq.programmer.interceptor.home.UserLoginInterceptor.preHandle:50 -当前路径获取到的token=eyJ0eXAiOiJKV1QiLCJhbGciOiJIUzI1NiJ9.eyJwaG9uZSI6IjEzNTM5ODAyMzQxIiwiaWQiOiIxMSIsImV4cCI6MTYwNzk1NzUzNiwiaGVhZFBpYyI6ImNvbW1vbi91c2VyX2ltZy5qcGciLCJlbWFpbCI6IjI4NzI0OTU2OUBxcS5jb20iLCJ1c2VybmFtZSI6InVzZXIxIn0.Jz3_mmkA5BU56GDxwh0YWDyepxoJCWt_TqtlDohdYug
2020-12-07 23:04:58.020 INFO [http-nio-8080-exec-7]com.yjq.programmer.interceptor.home.UserLoginInterceptor.preHandle:49 -当前URL=/home/user/order
2020-12-07 23:04:58.021 INFO [http-nio-8080-exec-7]com.yjq.programmer.interceptor.home.UserLoginInterceptor.preHandle:50 -当前路径获取到的token=eyJ0eXAiOiJKV1QiLCJhbGciOiJIUzI1NiJ9.eyJwaG9uZSI6IjEzNTM5ODAyMzQxIiwiaWQiOiIxMSIsImV4cCI6MTYwNzk1NzUzNiwiaGVhZFBpYyI6ImNvbW1vbi91c2VyX2ltZy5qcGciLCJlbWFpbCI6IjI4NzI0OTU2OUBxcS5jb20iLCJ1c2VybmFtZSI6InVzZXIxIn0.Jz3_mmkA5BU56GDxwh0YWDyepxoJCWt_TqtlDohdYug
2020-12-07 23:06:41.191 INFO [http-nio-8080-exec-8]com.yjq.programmer.interceptor.home.UserLoginInterceptor.preHandle:49 -当前URL=/home/system/index
2020-12-07 23:06:41.192 INFO [http-nio-8080-exec-8]com.yjq.programmer.interceptor.home.UserLoginInterceptor.preHandle:50 -当前路径获取到的token=eyJ0eXAiOiJKV1QiLCJhbGciOiJIUzI1NiJ9.eyJwaG9uZSI6IjEzNTM5ODAyMzQxIiwiaWQiOiIxMSIsImV4cCI6MTYwNzk1NzUzNiwiaGVhZFBpYyI6ImNvbW1vbi91c2VyX2ltZy5qcGciLCJlbWFpbCI6IjI4NzI0OTU2OUBxcS5jb20iLCJ1c2VybmFtZSI6InVzZXIxIn0.Jz3_mmkA5BU56GDxwh0YWDyepxoJCWt_TqtlDohdYug
2020-12-07 23:08:36.971 INFO [http-nio-8080-exec-3]com.yjq.programmer.interceptor.home.UserLoginInterceptor.preHandle:49 -当前URL=/home/product/fruit
2020-12-07 23:08:36.971 INFO [http-nio-8080-exec-3]com.yjq.programmer.interceptor.home.UserLoginInterceptor.preHandle:50 -当前路径获取到的token=eyJ0eXAiOiJKV1QiLCJhbGciOiJIUzI1NiJ9.eyJwaG9uZSI6IjEzNTM5ODAyMzQxIiwiaWQiOiIxMSIsImV4cCI6MTYwNzk1NzUzNiwiaGVhZFBpYyI6ImNvbW1vbi91c2VyX2ltZy5qcGciLCJlbWFpbCI6IjI4NzI0OTU2OUBxcS5jb20iLCJ1c2VybmFtZSI6InVzZXIxIn0.Jz3_mmkA5BU56GDxwh0YWDyepxoJCWt_TqtlDohdYug
2020-12-07 23:08:42.644 INFO [http-nio-8080-exec-9]com.yjq.programmer.interceptor.home.UserLoginInterceptor.preHandle:49 -当前URL=/home/user/register
2020-12-07 23:08:42.644 INFO [http-nio-8080-exec-9]com.yjq.programmer.interceptor.home.UserLoginInterceptor.preHandle:50 -当前路径获取到的token=eyJ0eXAiOiJKV1QiLCJhbGciOiJIUzI1NiJ9.eyJwaG9uZSI6IjEzNTM5ODAyMzQxIiwiaWQiOiIxMSIsImV4cCI6MTYwNzk1NzUzNiwiaGVhZFBpYyI6ImNvbW1vbi91c2VyX2ltZy5qcGciLCJlbWFpbCI6IjI4NzI0OTU2OUBxcS5jb20iLCJ1c2VybmFtZSI6InVzZXIxIn0.Jz3_mmkA5BU56GDxwh0YWDyepxoJCWt_TqtlDohdYug
2020-12-07 23:08:42.819 INFO [http-nio-8080-exec-7]com.yjq.programmer.controller.common.CpachaController.generateCpacha:51 -验证码成功生成，method=user_register,value=Ja2B
2020-12-07 23:08:47.326 INFO [http-nio-8080-exec-7]com.yjq.programmer.interceptor.home.UserLoginInterceptor.preHandle:49 -当前URL=/home/user/register
2020-12-07 23:08:47.327 INFO [http-nio-8080-exec-7]com.yjq.programmer.interceptor.home.UserLoginInterceptor.preHandle:50 -当前路径获取到的token=
2020-12-07 23:08:47.509 INFO [http-nio-8080-exec-2]com.yjq.programmer.controller.common.CpachaController.generateCpacha:51 -验证码成功生成，method=user_register,value=gaQb
2020-12-07 23:08:48.108 INFO [http-nio-8080-exec-8]com.yjq.programmer.interceptor.home.UserLoginInterceptor.preHandle:49 -当前URL=/home/product/fruit
2020-12-07 23:08:48.108 INFO [http-nio-8080-exec-8]com.yjq.programmer.interceptor.home.UserLoginInterceptor.preHandle:50 -当前路径获取到的token=
2020-12-07 23:09:40.981 INFO [http-nio-8080-exec-8]com.yjq.programmer.interceptor.home.UserLoginInterceptor.preHandle:49 -当前URL=/home/user/register
2020-12-07 23:09:40.982 INFO [http-nio-8080-exec-8]com.yjq.programmer.interceptor.home.UserLoginInterceptor.preHandle:50 -当前路径获取到的token=
2020-12-07 23:09:41.149 INFO [http-nio-8080-exec-1]com.yjq.programmer.controller.common.CpachaController.generateCpacha:51 -验证码成功生成，method=user_register,value=i2hX
2020-12-07 23:10:15.118 INFO [http-nio-8080-exec-5]com.yjq.programmer.interceptor.home.UserLoginInterceptor.preHandle:49 -当前URL=/home/user/login
2020-12-07 23:10:15.118 INFO [http-nio-8080-exec-5]com.yjq.programmer.interceptor.home.UserLoginInterceptor.preHandle:50 -当前路径获取到的token=
2020-12-07 23:10:31.816 INFO [http-nio-8080-exec-7]com.yjq.programmer.interceptor.home.UserLoginInterceptor.preHandle:49 -当前URL=/home/user/login
2020-12-07 23:10:31.816 INFO [http-nio-8080-exec-7]com.yjq.programmer.interceptor.home.UserLoginInterceptor.preHandle:50 -当前路径获取到的token=
2020-12-07 23:10:31.829 INFO [http-nio-8080-exec-7]com.yjq.programmer.util.JWTUtil.getToken:46 -生成的token=eyJ0eXAiOiJKV1QiLCJhbGciOiJIUzI1NiJ9.eyJwaG9uZSI6IjEzNTM5ODAyMzQxIiwiaWQiOiIxMSIsImV4cCI6MTYwNzk1ODYzMSwiaGVhZFBpYyI6ImNvbW1vbi91c2VyX2ltZy5qcGciLCJlbWFpbCI6IjI4NzI0OTU2OUBxcS5jb20iLCJ1c2VybmFtZSI6InVzZXIxIn0.tlpRTjMK1SASjCOLzoN2ICIhrzkt7QsgCX476WmL3QY
2020-12-07 23:10:31.866 INFO [http-nio-8080-exec-3]com.yjq.programmer.interceptor.home.UserLoginInterceptor.preHandle:49 -当前URL=/home/system/index
2020-12-07 23:10:31.867 INFO [http-nio-8080-exec-3]com.yjq.programmer.interceptor.home.UserLoginInterceptor.preHandle:50 -当前路径获取到的token=eyJ0eXAiOiJKV1QiLCJhbGciOiJIUzI1NiJ9.eyJwaG9uZSI6IjEzNTM5ODAyMzQxIiwiaWQiOiIxMSIsImV4cCI6MTYwNzk1ODYzMSwiaGVhZFBpYyI6ImNvbW1vbi91c2VyX2ltZy5qcGciLCJlbWFpbCI6IjI4NzI0OTU2OUBxcS5jb20iLCJ1c2VybmFtZSI6InVzZXIxIn0.tlpRTjMK1SASjCOLzoN2ICIhrzkt7QsgCX476WmL3QY
2020-12-07 23:10:34.153 INFO [http-nio-8080-exec-2]com.yjq.programmer.interceptor.home.UserLoginInterceptor.preHandle:49 -当前URL=/home/product/fruit
2020-12-07 23:10:34.154 INFO [http-nio-8080-exec-2]com.yjq.programmer.interceptor.home.UserLoginInterceptor.preHandle:50 -当前路径获取到的token=eyJ0eXAiOiJKV1QiLCJhbGciOiJIUzI1NiJ9.eyJwaG9uZSI6IjEzNTM5ODAyMzQxIiwiaWQiOiIxMSIsImV4cCI6MTYwNzk1ODYzMSwiaGVhZFBpYyI6ImNvbW1vbi91c2VyX2ltZy5qcGciLCJlbWFpbCI6IjI4NzI0OTU2OUBxcS5jb20iLCJ1c2VybmFtZSI6InVzZXIxIn0.tlpRTjMK1SASjCOLzoN2ICIhrzkt7QsgCX476WmL3QY
2020-12-07 23:10:36.434 INFO [http-nio-8080-exec-3]com.yjq.programmer.interceptor.home.UserLoginInterceptor.preHandle:49 -当前URL=/home/cart/add
2020-12-07 23:10:36.435 INFO [http-nio-8080-exec-3]com.yjq.programmer.interceptor.home.UserLoginInterceptor.preHandle:50 -当前路径获取到的token=eyJ0eXAiOiJKV1QiLCJhbGciOiJIUzI1NiJ9.eyJwaG9uZSI6IjEzNTM5ODAyMzQxIiwiaWQiOiIxMSIsImV4cCI6MTYwNzk1ODYzMSwiaGVhZFBpYyI6ImNvbW1vbi91c2VyX2ltZy5qcGciLCJlbWFpbCI6IjI4NzI0OTU2OUBxcS5jb20iLCJ1c2VybmFtZSI6InVzZXIxIn0.tlpRTjMK1SASjCOLzoN2ICIhrzkt7QsgCX476WmL3QY
2020-12-07 23:10:37.294 INFO [http-nio-8080-exec-6]com.yjq.programmer.interceptor.home.UserLoginInterceptor.preHandle:49 -当前URL=/home/product/fruit
2020-12-07 23:10:37.294 INFO [http-nio-8080-exec-6]com.yjq.programmer.interceptor.home.UserLoginInterceptor.preHandle:50 -当前路径获取到的token=eyJ0eXAiOiJKV1QiLCJhbGciOiJIUzI1NiJ9.eyJwaG9uZSI6IjEzNTM5ODAyMzQxIiwiaWQiOiIxMSIsImV4cCI6MTYwNzk1ODYzMSwiaGVhZFBpYyI6ImNvbW1vbi91c2VyX2ltZy5qcGciLCJlbWFpbCI6IjI4NzI0OTU2OUBxcS5jb20iLCJ1c2VybmFtZSI6InVzZXIxIn0.tlpRTjMK1SASjCOLzoN2ICIhrzkt7QsgCX476WmL3QY
2020-12-07 23:10:39.470 INFO [http-nio-8080-exec-3]com.yjq.programmer.interceptor.home.UserLoginInterceptor.preHandle:49 -当前URL=/home/product/vegetable
2020-12-07 23:10:39.471 INFO [http-nio-8080-exec-3]com.yjq.programmer.interceptor.home.UserLoginInterceptor.preHandle:50 -当前路径获取到的token=eyJ0eXAiOiJKV1QiLCJhbGciOiJIUzI1NiJ9.eyJwaG9uZSI6IjEzNTM5ODAyMzQxIiwiaWQiOiIxMSIsImV4cCI6MTYwNzk1ODYzMSwiaGVhZFBpYyI6ImNvbW1vbi91c2VyX2ltZy5qcGciLCJlbWFpbCI6IjI4NzI0OTU2OUBxcS5jb20iLCJ1c2VybmFtZSI6InVzZXIxIn0.tlpRTjMK1SASjCOLzoN2ICIhrzkt7QsgCX476WmL3QY
2020-12-07 23:10:44.750 INFO [http-nio-8080-exec-2]com.yjq.programmer.interceptor.home.UserLoginInterceptor.preHandle:49 -当前URL=/home/cart/add
2020-12-07 23:10:44.750 INFO [http-nio-8080-exec-2]com.yjq.programmer.interceptor.home.UserLoginInterceptor.preHandle:50 -当前路径获取到的token=eyJ0eXAiOiJKV1QiLCJhbGciOiJIUzI1NiJ9.eyJwaG9uZSI6IjEzNTM5ODAyMzQxIiwiaWQiOiIxMSIsImV4cCI6MTYwNzk1ODYzMSwiaGVhZFBpYyI6ImNvbW1vbi91c2VyX2ltZy5qcGciLCJlbWFpbCI6IjI4NzI0OTU2OUBxcS5jb20iLCJ1c2VybmFtZSI6InVzZXIxIn0.tlpRTjMK1SASjCOLzoN2ICIhrzkt7QsgCX476WmL3QY
2020-12-07 23:11:03.331 INFO [http-nio-8080-exec-8]com.yjq.programmer.interceptor.home.UserLoginInterceptor.preHandle:49 -当前URL=/home/product/vegetable
2020-12-07 23:11:03.331 INFO [http-nio-8080-exec-8]com.yjq.programmer.interceptor.home.UserLoginInterceptor.preHandle:50 -当前路径获取到的token=eyJ0eXAiOiJKV1QiLCJhbGciOiJIUzI1NiJ9.eyJwaG9uZSI6IjEzNTM5ODAyMzQxIiwiaWQiOiIxMSIsImV4cCI6MTYwNzk1ODYzMSwiaGVhZFBpYyI6ImNvbW1vbi91c2VyX2ltZy5qcGciLCJlbWFpbCI6IjI4NzI0OTU2OUBxcS5jb20iLCJ1c2VybmFtZSI6InVzZXIxIn0.tlpRTjMK1SASjCOLzoN2ICIhrzkt7QsgCX476WmL3QY
2020-12-07 23:11:10.551 INFO [http-nio-8080-exec-6]com.yjq.programmer.interceptor.home.UserLoginInterceptor.preHandle:49 -当前URL=/home/product/detail
2020-12-07 23:11:10.551 INFO [http-nio-8080-exec-6]com.yjq.programmer.interceptor.home.UserLoginInterceptor.preHandle:50 -当前路径获取到的token=eyJ0eXAiOiJKV1QiLCJhbGciOiJIUzI1NiJ9.eyJwaG9uZSI6IjEzNTM5ODAyMzQxIiwiaWQiOiIxMSIsImV4cCI6MTYwNzk1ODYzMSwiaGVhZFBpYyI6ImNvbW1vbi91c2VyX2ltZy5qcGciLCJlbWFpbCI6IjI4NzI0OTU2OUBxcS5jb20iLCJ1c2VybmFtZSI6InVzZXIxIn0.tlpRTjMK1SASjCOLzoN2ICIhrzkt7QsgCX476WmL3QY
2020-12-07 23:12:15.723 INFO [http-nio-8080-exec-4]com.yjq.programmer.interceptor.home.UserLoginInterceptor.preHandle:49 -当前URL=/home/cart/index
2020-12-07 23:12:15.724 INFO [http-nio-8080-exec-4]com.yjq.programmer.interceptor.home.UserLoginInterceptor.preHandle:50 -当前路径获取到的token=eyJ0eXAiOiJKV1QiLCJhbGciOiJIUzI1NiJ9.eyJwaG9uZSI6IjEzNTM5ODAyMzQxIiwiaWQiOiIxMSIsImV4cCI6MTYwNzk1ODYzMSwiaGVhZFBpYyI6ImNvbW1vbi91c2VyX2ltZy5qcGciLCJlbWFpbCI6IjI4NzI0OTU2OUBxcS5jb20iLCJ1c2VybmFtZSI6InVzZXIxIn0.tlpRTjMK1SASjCOLzoN2ICIhrzkt7QsgCX476WmL3QY
2020-12-07 23:12:29.480 INFO [http-nio-8080-exec-1]com.yjq.programmer.interceptor.home.UserLoginInterceptor.preHandle:49 -当前URL=/home/cart/update
2020-12-07 23:12:29.481 INFO [http-nio-8080-exec-1]com.yjq.programmer.interceptor.home.UserLoginInterceptor.preHandle:50 -当前路径获取到的token=eyJ0eXAiOiJKV1QiLCJhbGciOiJIUzI1NiJ9.eyJwaG9uZSI6IjEzNTM5ODAyMzQxIiwiaWQiOiIxMSIsImV4cCI6MTYwNzk1ODYzMSwiaGVhZFBpYyI6ImNvbW1vbi91c2VyX2ltZy5qcGciLCJlbWFpbCI6IjI4NzI0OTU2OUBxcS5jb20iLCJ1c2VybmFtZSI6InVzZXIxIn0.tlpRTjMK1SASjCOLzoN2ICIhrzkt7QsgCX476WmL3QY
2020-12-07 23:12:29.521 INFO [http-nio-8080-exec-10]com.yjq.programmer.interceptor.home.UserLoginInterceptor.preHandle:49 -当前URL=/home/cart/index
2020-12-07 23:12:29.521 INFO [http-nio-8080-exec-10]com.yjq.programmer.interceptor.home.UserLoginInterceptor.preHandle:50 -当前路径获取到的token=eyJ0eXAiOiJKV1QiLCJhbGciOiJIUzI1NiJ9.eyJwaG9uZSI6IjEzNTM5ODAyMzQxIiwiaWQiOiIxMSIsImV4cCI6MTYwNzk1ODYzMSwiaGVhZFBpYyI6ImNvbW1vbi91c2VyX2ltZy5qcGciLCJlbWFpbCI6IjI4NzI0OTU2OUBxcS5jb20iLCJ1c2VybmFtZSI6InVzZXIxIn0.tlpRTjMK1SASjCOLzoN2ICIhrzkt7QsgCX476WmL3QY
2020-12-07 23:12:36.877 INFO [http-nio-8080-exec-2]com.yjq.programmer.interceptor.home.UserLoginInterceptor.preHandle:49 -当前URL=/home/cart/update
2020-12-07 23:12:36.878 INFO [http-nio-8080-exec-2]com.yjq.programmer.interceptor.home.UserLoginInterceptor.preHandle:50 -当前路径获取到的token=eyJ0eXAiOiJKV1QiLCJhbGciOiJIUzI1NiJ9.eyJwaG9uZSI6IjEzNTM5ODAyMzQxIiwiaWQiOiIxMSIsImV4cCI6MTYwNzk1ODYzMSwiaGVhZFBpYyI6ImNvbW1vbi91c2VyX2ltZy5qcGciLCJlbWFpbCI6IjI4NzI0OTU2OUBxcS5jb20iLCJ1c2VybmFtZSI6InVzZXIxIn0.tlpRTjMK1SASjCOLzoN2ICIhrzkt7QsgCX476WmL3QY
2020-12-07 23:12:36.921 INFO [http-nio-8080-exec-5]com.yjq.programmer.interceptor.home.UserLoginInterceptor.preHandle:49 -当前URL=/home/cart/index
2020-12-07 23:12:36.921 INFO [http-nio-8080-exec-5]com.yjq.programmer.interceptor.home.UserLoginInterceptor.preHandle:50 -当前路径获取到的token=eyJ0eXAiOiJKV1QiLCJhbGciOiJIUzI1NiJ9.eyJwaG9uZSI6IjEzNTM5ODAyMzQxIiwiaWQiOiIxMSIsImV4cCI6MTYwNzk1ODYzMSwiaGVhZFBpYyI6ImNvbW1vbi91c2VyX2ltZy5qcGciLCJlbWFpbCI6IjI4NzI0OTU2OUBxcS5jb20iLCJ1c2VybmFtZSI6InVzZXIxIn0.tlpRTjMK1SASjCOLzoN2ICIhrzkt7QsgCX476WmL3QY
2020-12-07 23:12:59.888 INFO [http-nio-8080-exec-1]com.yjq.programmer.interceptor.home.UserLoginInterceptor.preHandle:49 -当前URL=/home/order/generate
2020-12-07 23:12:59.888 INFO [http-nio-8080-exec-1]com.yjq.programmer.interceptor.home.UserLoginInterceptor.preHandle:50 -当前路径获取到的token=eyJ0eXAiOiJKV1QiLCJhbGciOiJIUzI1NiJ9.eyJwaG9uZSI6IjEzNTM5ODAyMzQxIiwiaWQiOiIxMSIsImV4cCI6MTYwNzk1ODYzMSwiaGVhZFBpYyI6ImNvbW1vbi91c2VyX2ltZy5qcGciLCJlbWFpbCI6IjI4NzI0OTU2OUBxcS5jb20iLCJ1c2VybmFtZSI6InVzZXIxIn0.tlpRTjMK1SASjCOLzoN2ICIhrzkt7QsgCX476WmL3QY
2020-12-07 23:13:04.976 INFO [http-nio-8080-exec-2]com.yjq.programmer.interceptor.home.UserLoginInterceptor.preHandle:49 -当前URL=/home/cart/index
2020-12-07 23:13:04.976 INFO [http-nio-8080-exec-2]com.yjq.programmer.interceptor.home.UserLoginInterceptor.preHandle:50 -当前路径获取到的token=eyJ0eXAiOiJKV1QiLCJhbGciOiJIUzI1NiJ9.eyJwaG9uZSI6IjEzNTM5ODAyMzQxIiwiaWQiOiIxMSIsImV4cCI6MTYwNzk1ODYzMSwiaGVhZFBpYyI6ImNvbW1vbi91c2VyX2ltZy5qcGciLCJlbWFpbCI6IjI4NzI0OTU2OUBxcS5jb20iLCJ1c2VybmFtZSI6InVzZXIxIn0.tlpRTjMK1SASjCOLzoN2ICIhrzkt7QsgCX476WmL3QY
2020-12-07 23:13:29.319 INFO [http-nio-8080-exec-9]com.yjq.programmer.interceptor.home.UserLoginInterceptor.preHandle:49 -当前URL=/home/order/generate
2020-12-07 23:13:29.320 INFO [http-nio-8080-exec-9]com.yjq.programmer.interceptor.home.UserLoginInterceptor.preHandle:50 -当前路径获取到的token=eyJ0eXAiOiJKV1QiLCJhbGciOiJIUzI1NiJ9.eyJwaG9uZSI6IjEzNTM5ODAyMzQxIiwiaWQiOiIxMSIsImV4cCI6MTYwNzk1ODYzMSwiaGVhZFBpYyI6ImNvbW1vbi91c2VyX2ltZy5qcGciLCJlbWFpbCI6IjI4NzI0OTU2OUBxcS5jb20iLCJ1c2VybmFtZSI6InVzZXIxIn0.tlpRTjMK1SASjCOLzoN2ICIhrzkt7QsgCX476WmL3QY
2020-12-07 23:13:29.387 INFO [http-nio-8080-exec-5]com.yjq.programmer.interceptor.home.UserLoginInterceptor.preHandle:49 -当前URL=/home/order/index
2020-12-07 23:13:29.387 INFO [http-nio-8080-exec-5]com.yjq.programmer.interceptor.home.UserLoginInterceptor.preHandle:50 -当前路径获取到的token=eyJ0eXAiOiJKV1QiLCJhbGciOiJIUzI1NiJ9.eyJwaG9uZSI6IjEzNTM5ODAyMzQxIiwiaWQiOiIxMSIsImV4cCI6MTYwNzk1ODYzMSwiaGVhZFBpYyI6ImNvbW1vbi91c2VyX2ltZy5qcGciLCJlbWFpbCI6IjI4NzI0OTU2OUBxcS5jb20iLCJ1c2VybmFtZSI6InVzZXIxIn0.tlpRTjMK1SASjCOLzoN2ICIhrzkt7QsgCX476WmL3QY
2020-12-07 23:13:40.870 INFO [http-nio-8080-exec-3]com.yjq.programmer.interceptor.home.UserLoginInterceptor.preHandle:49 -当前URL=/home/cart/index
2020-12-07 23:13:40.871 INFO [http-nio-8080-exec-3]com.yjq.programmer.interceptor.home.UserLoginInterceptor.preHandle:50 -当前路径获取到的token=eyJ0eXAiOiJKV1QiLCJhbGciOiJIUzI1NiJ9.eyJwaG9uZSI6IjEzNTM5ODAyMzQxIiwiaWQiOiIxMSIsImV4cCI6MTYwNzk1ODYzMSwiaGVhZFBpYyI6ImNvbW1vbi91c2VyX2ltZy5qcGciLCJlbWFpbCI6IjI4NzI0OTU2OUBxcS5jb20iLCJ1c2VybmFtZSI6InVzZXIxIn0.tlpRTjMK1SASjCOLzoN2ICIhrzkt7QsgCX476WmL3QY
2020-12-07 23:13:47.444 INFO [http-nio-8080-exec-2]com.yjq.programmer.interceptor.home.UserLoginInterceptor.preHandle:49 -当前URL=/home/cart/index
2020-12-07 23:13:47.445 INFO [http-nio-8080-exec-2]com.yjq.programmer.interceptor.home.UserLoginInterceptor.preHandle:50 -当前路径获取到的token=eyJ0eXAiOiJKV1QiLCJhbGciOiJIUzI1NiJ9.eyJwaG9uZSI6IjEzNTM5ODAyMzQxIiwiaWQiOiIxMSIsImV4cCI6MTYwNzk1ODYzMSwiaGVhZFBpYyI6ImNvbW1vbi91c2VyX2ltZy5qcGciLCJlbWFpbCI6IjI4NzI0OTU2OUBxcS5jb20iLCJ1c2VybmFtZSI6InVzZXIxIn0.tlpRTjMK1SASjCOLzoN2ICIhrzkt7QsgCX476WmL3QY
2020-12-07 23:13:49.560 INFO [http-nio-8080-exec-7]com.yjq.programmer.interceptor.home.UserLoginInterceptor.preHandle:49 -当前URL=/home/user/info
2020-12-07 23:13:49.561 INFO [http-nio-8080-exec-7]com.yjq.programmer.interceptor.home.UserLoginInterceptor.preHandle:50 -当前路径获取到的token=eyJ0eXAiOiJKV1QiLCJhbGciOiJIUzI1NiJ9.eyJwaG9uZSI6IjEzNTM5ODAyMzQxIiwiaWQiOiIxMSIsImV4cCI6MTYwNzk1ODYzMSwiaGVhZFBpYyI6ImNvbW1vbi91c2VyX2ltZy5qcGciLCJlbWFpbCI6IjI4NzI0OTU2OUBxcS5jb20iLCJ1c2VybmFtZSI6InVzZXIxIn0.tlpRTjMK1SASjCOLzoN2ICIhrzkt7QsgCX476WmL3QY
2020-12-07 23:13:57.328 INFO [http-nio-8080-exec-2]com.yjq.programmer.interceptor.home.UserLoginInterceptor.preHandle:49 -当前URL=/home/user/update_info
2020-12-07 23:13:57.328 INFO [http-nio-8080-exec-2]com.yjq.programmer.interceptor.home.UserLoginInterceptor.preHandle:50 -当前路径获取到的token=eyJ0eXAiOiJKV1QiLCJhbGciOiJIUzI1NiJ9.eyJwaG9uZSI6IjEzNTM5ODAyMzQxIiwiaWQiOiIxMSIsImV4cCI6MTYwNzk1ODYzMSwiaGVhZFBpYyI6ImNvbW1vbi91c2VyX2ltZy5qcGciLCJlbWFpbCI6IjI4NzI0OTU2OUBxcS5jb20iLCJ1c2VybmFtZSI6InVzZXIxIn0.tlpRTjMK1SASjCOLzoN2ICIhrzkt7QsgCX476WmL3QY
2020-12-07 23:13:57.345 INFO [http-nio-8080-exec-2]com.yjq.programmer.util.JWTUtil.getToken:46 -生成的token=eyJ0eXAiOiJKV1QiLCJhbGciOiJIUzI1NiJ9.eyJwaG9uZSI6IjEzNTM5ODAyMzQxIiwiaWQiOiIxMSIsImV4cCI6MTYwNzk1ODgzNywiaGVhZFBpYyI6ImNvbW1vbi91c2VyX2ltZy5qcGciLCJlbWFpbCI6IjM0NDI0NTAwMUBxcS5jb20iLCJ1c2VybmFtZSI6InVzZXIxIn0._tMnnsejFxSsCRg0hP8Bfwh1YL0KoKwiWFD3QuGmaBg
2020-12-07 23:13:58.545 INFO [http-nio-8080-exec-1]com.yjq.programmer.interceptor.home.UserLoginInterceptor.preHandle:49 -当前URL=/home/user/info
2020-12-07 23:13:58.545 INFO [http-nio-8080-exec-1]com.yjq.programmer.interceptor.home.UserLoginInterceptor.preHandle:50 -当前路径获取到的token=eyJ0eXAiOiJKV1QiLCJhbGciOiJIUzI1NiJ9.eyJwaG9uZSI6IjEzNTM5ODAyMzQxIiwiaWQiOiIxMSIsImV4cCI6MTYwNzk1ODgzNywiaGVhZFBpYyI6ImNvbW1vbi91c2VyX2ltZy5qcGciLCJlbWFpbCI6IjM0NDI0NTAwMUBxcS5jb20iLCJ1c2VybmFtZSI6InVzZXIxIn0._tMnnsejFxSsCRg0hP8Bfwh1YL0KoKwiWFD3QuGmaBg
2020-12-07 23:13:59.917 INFO [http-nio-8080-exec-10]com.yjq.programmer.interceptor.home.UserLoginInterceptor.preHandle:49 -当前URL=/home/user/order
2020-12-07 23:13:59.917 INFO [http-nio-8080-exec-10]com.yjq.programmer.interceptor.home.UserLoginInterceptor.preHandle:50 -当前路径获取到的token=eyJ0eXAiOiJKV1QiLCJhbGciOiJIUzI1NiJ9.eyJwaG9uZSI6IjEzNTM5ODAyMzQxIiwiaWQiOiIxMSIsImV4cCI6MTYwNzk1ODgzNywiaGVhZFBpYyI6ImNvbW1vbi91c2VyX2ltZy5qcGciLCJlbWFpbCI6IjM0NDI0NTAwMUBxcS5jb20iLCJ1c2VybmFtZSI6InVzZXIxIn0._tMnnsejFxSsCRg0hP8Bfwh1YL0KoKwiWFD3QuGmaBg
2020-12-07 23:14:04.129 INFO [http-nio-8080-exec-5]com.yjq.programmer.interceptor.home.UserLoginInterceptor.preHandle:49 -当前URL=/home/cart/index
2020-12-07 23:14:04.130 INFO [http-nio-8080-exec-5]com.yjq.programmer.interceptor.home.UserLoginInterceptor.preHandle:50 -当前路径获取到的token=eyJ0eXAiOiJKV1QiLCJhbGciOiJIUzI1NiJ9.eyJwaG9uZSI6IjEzNTM5ODAyMzQxIiwiaWQiOiIxMSIsImV4cCI6MTYwNzk1ODgzNywiaGVhZFBpYyI6ImNvbW1vbi91c2VyX2ltZy5qcGciLCJlbWFpbCI6IjM0NDI0NTAwMUBxcS5jb20iLCJ1c2VybmFtZSI6InVzZXIxIn0._tMnnsejFxSsCRg0hP8Bfwh1YL0KoKwiWFD3QuGmaBg
2020-12-07 23:14:08.926 INFO [http-nio-8080-exec-6]com.yjq.programmer.interceptor.home.UserLoginInterceptor.preHandle:49 -当前URL=/home/order/generate
2020-12-07 23:14:08.927 INFO [http-nio-8080-exec-6]com.yjq.programmer.interceptor.home.UserLoginInterceptor.preHandle:50 -当前路径获取到的token=eyJ0eXAiOiJKV1QiLCJhbGciOiJIUzI1NiJ9.eyJwaG9uZSI6IjEzNTM5ODAyMzQxIiwiaWQiOiIxMSIsImV4cCI6MTYwNzk1ODgzNywiaGVhZFBpYyI6ImNvbW1vbi91c2VyX2ltZy5qcGciLCJlbWFpbCI6IjM0NDI0NTAwMUBxcS5jb20iLCJ1c2VybmFtZSI6InVzZXIxIn0._tMnnsejFxSsCRg0hP8Bfwh1YL0KoKwiWFD3QuGmaBg
2020-12-07 23:14:08.982 INFO [http-nio-8080-exec-5]com.yjq.programmer.interceptor.home.UserLoginInterceptor.preHandle:49 -当前URL=/home/order/index
2020-12-07 23:14:08.982 INFO [http-nio-8080-exec-5]com.yjq.programmer.interceptor.home.UserLoginInterceptor.preHandle:50 -当前路径获取到的token=eyJ0eXAiOiJKV1QiLCJhbGciOiJIUzI1NiJ9.eyJwaG9uZSI6IjEzNTM5ODAyMzQxIiwiaWQiOiIxMSIsImV4cCI6MTYwNzk1ODgzNywiaGVhZFBpYyI6ImNvbW1vbi91c2VyX2ltZy5qcGciLCJlbWFpbCI6IjM0NDI0NTAwMUBxcS5jb20iLCJ1c2VybmFtZSI6InVzZXIxIn0._tMnnsejFxSsCRg0hP8Bfwh1YL0KoKwiWFD3QuGmaBg
2020-12-07 23:14:36.160 INFO [http-nio-8080-exec-4]com.yjq.programmer.interceptor.home.UserLoginInterceptor.preHandle:49 -当前URL=/home/order/submit
2020-12-07 23:14:36.161 INFO [http-nio-8080-exec-4]com.yjq.programmer.interceptor.home.UserLoginInterceptor.preHandle:50 -当前路径获取到的token=eyJ0eXAiOiJKV1QiLCJhbGciOiJIUzI1NiJ9.eyJwaG9uZSI6IjEzNTM5ODAyMzQxIiwiaWQiOiIxMSIsImV4cCI6MTYwNzk1ODgzNywiaGVhZFBpYyI6ImNvbW1vbi91c2VyX2ltZy5qcGciLCJlbWFpbCI6IjM0NDI0NTAwMUBxcS5jb20iLCJ1c2VybmFtZSI6InVzZXIxIn0._tMnnsejFxSsCRg0hP8Bfwh1YL0KoKwiWFD3QuGmaBg
2020-12-07 23:15:15.265 INFO [http-nio-8080-exec-1]com.yjq.programmer.interceptor.home.UserLoginInterceptor.preHandle:49 -当前URL=/home/user/order
2020-12-07 23:15:15.266 INFO [http-nio-8080-exec-1]com.yjq.programmer.interceptor.home.UserLoginInterceptor.preHandle:50 -当前路径获取到的token=eyJ0eXAiOiJKV1QiLCJhbGciOiJIUzI1NiJ9.eyJwaG9uZSI6IjEzNTM5ODAyMzQxIiwiaWQiOiIxMSIsImV4cCI6MTYwNzk1ODgzNywiaGVhZFBpYyI6ImNvbW1vbi91c2VyX2ltZy5qcGciLCJlbWFpbCI6IjM0NDI0NTAwMUBxcS5jb20iLCJ1c2VybmFtZSI6InVzZXIxIn0._tMnnsejFxSsCRg0hP8Bfwh1YL0KoKwiWFD3QuGmaBg
2020-12-07 23:15:24.120 INFO [http-nio-8080-exec-7]com.yjq.programmer.interceptor.home.UserLoginInterceptor.preHandle:49 -当前URL=/home/collect/index
2020-12-07 23:15:24.121 INFO [http-nio-8080-exec-7]com.yjq.programmer.interceptor.home.UserLoginInterceptor.preHandle:50 -当前路径获取到的token=eyJ0eXAiOiJKV1QiLCJhbGciOiJIUzI1NiJ9.eyJwaG9uZSI6IjEzNTM5ODAyMzQxIiwiaWQiOiIxMSIsImV4cCI6MTYwNzk1ODgzNywiaGVhZFBpYyI6ImNvbW1vbi91c2VyX2ltZy5qcGciLCJlbWFpbCI6IjM0NDI0NTAwMUBxcS5jb20iLCJ1c2VybmFtZSI6InVzZXIxIn0._tMnnsejFxSsCRg0hP8Bfwh1YL0KoKwiWFD3QuGmaBg
2020-12-07 23:15:39.502 INFO [http-nio-8080-exec-8]com.yjq.programmer.interceptor.home.UserLoginInterceptor.preHandle:49 -当前URL=/home/product/vegetable
2020-12-07 23:15:39.502 INFO [http-nio-8080-exec-8]com.yjq.programmer.interceptor.home.UserLoginInterceptor.preHandle:50 -当前路径获取到的token=eyJ0eXAiOiJKV1QiLCJhbGciOiJIUzI1NiJ9.eyJwaG9uZSI6IjEzNTM5ODAyMzQxIiwiaWQiOiIxMSIsImV4cCI6MTYwNzk1ODgzNywiaGVhZFBpYyI6ImNvbW1vbi91c2VyX2ltZy5qcGciLCJlbWFpbCI6IjM0NDI0NTAwMUBxcS5jb20iLCJ1c2VybmFtZSI6InVzZXIxIn0._tMnnsejFxSsCRg0hP8Bfwh1YL0KoKwiWFD3QuGmaBg
2020-12-07 23:15:41.751 INFO [http-nio-8080-exec-2]com.yjq.programmer.interceptor.home.UserLoginInterceptor.preHandle:49 -当前URL=/home/product/detail
2020-12-07 23:15:41.751 INFO [http-nio-8080-exec-2]com.yjq.programmer.interceptor.home.UserLoginInterceptor.preHandle:50 -当前路径获取到的token=eyJ0eXAiOiJKV1QiLCJhbGciOiJIUzI1NiJ9.eyJwaG9uZSI6IjEzNTM5ODAyMzQxIiwiaWQiOiIxMSIsImV4cCI6MTYwNzk1ODgzNywiaGVhZFBpYyI6ImNvbW1vbi91c2VyX2ltZy5qcGciLCJlbWFpbCI6IjM0NDI0NTAwMUBxcS5jb20iLCJ1c2VybmFtZSI6InVzZXIxIn0._tMnnsejFxSsCRg0hP8Bfwh1YL0KoKwiWFD3QuGmaBg
2020-12-07 23:15:44.718 INFO [http-nio-8080-exec-5]com.yjq.programmer.interceptor.home.UserLoginInterceptor.preHandle:49 -当前URL=/home/collect/add
2020-12-07 23:15:44.719 INFO [http-nio-8080-exec-5]com.yjq.programmer.interceptor.home.UserLoginInterceptor.preHandle:50 -当前路径获取到的token=eyJ0eXAiOiJKV1QiLCJhbGciOiJIUzI1NiJ9.eyJwaG9uZSI6IjEzNTM5ODAyMzQxIiwiaWQiOiIxMSIsImV4cCI6MTYwNzk1ODgzNywiaGVhZFBpYyI6ImNvbW1vbi91c2VyX2ltZy5qcGciLCJlbWFpbCI6IjM0NDI0NTAwMUBxcS5jb20iLCJ1c2VybmFtZSI6InVzZXIxIn0._tMnnsejFxSsCRg0hP8Bfwh1YL0KoKwiWFD3QuGmaBg
2020-12-07 23:16:01.375 INFO [http-nio-8080-exec-8]com.yjq.programmer.interceptor.home.UserLoginInterceptor.preHandle:49 -当前URL=/home/user/info
2020-12-07 23:16:01.376 INFO [http-nio-8080-exec-8]com.yjq.programmer.interceptor.home.UserLoginInterceptor.preHandle:50 -当前路径获取到的token=eyJ0eXAiOiJKV1QiLCJhbGciOiJIUzI1NiJ9.eyJwaG9uZSI6IjEzNTM5ODAyMzQxIiwiaWQiOiIxMSIsImV4cCI6MTYwNzk1ODgzNywiaGVhZFBpYyI6ImNvbW1vbi91c2VyX2ltZy5qcGciLCJlbWFpbCI6IjM0NDI0NTAwMUBxcS5jb20iLCJ1c2VybmFtZSI6InVzZXIxIn0._tMnnsejFxSsCRg0hP8Bfwh1YL0KoKwiWFD3QuGmaBg
2020-12-07 23:16:03.373 INFO [http-nio-8080-exec-5]com.yjq.programmer.interceptor.home.UserLoginInterceptor.preHandle:49 -当前URL=/home/user/order
2020-12-07 23:16:03.374 INFO [http-nio-8080-exec-5]com.yjq.programmer.interceptor.home.UserLoginInterceptor.preHandle:50 -当前路径获取到的token=eyJ0eXAiOiJKV1QiLCJhbGciOiJIUzI1NiJ9.eyJwaG9uZSI6IjEzNTM5ODAyMzQxIiwiaWQiOiIxMSIsImV4cCI6MTYwNzk1ODgzNywiaGVhZFBpYyI6ImNvbW1vbi91c2VyX2ltZy5qcGciLCJlbWFpbCI6IjM0NDI0NTAwMUBxcS5jb20iLCJ1c2VybmFtZSI6InVzZXIxIn0._tMnnsejFxSsCRg0hP8Bfwh1YL0KoKwiWFD3QuGmaBg
2020-12-07 23:16:13.553 INFO [http-nio-8080-exec-8]com.yjq.programmer.interceptor.home.UserLoginInterceptor.preHandle:49 -当前URL=/home/collect/index
2020-12-07 23:16:13.554 INFO [http-nio-8080-exec-8]com.yjq.programmer.interceptor.home.UserLoginInterceptor.preHandle:50 -当前路径获取到的token=eyJ0eXAiOiJKV1QiLCJhbGciOiJIUzI1NiJ9.eyJwaG9uZSI6IjEzNTM5ODAyMzQxIiwiaWQiOiIxMSIsImV4cCI6MTYwNzk1ODgzNywiaGVhZFBpYyI6ImNvbW1vbi91c2VyX2ltZy5qcGciLCJlbWFpbCI6IjM0NDI0NTAwMUBxcS5jb20iLCJ1c2VybmFtZSI6InVzZXIxIn0._tMnnsejFxSsCRg0hP8Bfwh1YL0KoKwiWFD3QuGmaBg
2020-12-07 23:16:31.586 INFO [http-nio-8080-exec-5]com.yjq.programmer.interceptor.home.UserLoginInterceptor.preHandle:49 -当前URL=/home/address/index
2020-12-07 23:16:31.586 INFO [http-nio-8080-exec-5]com.yjq.programmer.interceptor.home.UserLoginInterceptor.preHandle:50 -当前路径获取到的token=eyJ0eXAiOiJKV1QiLCJhbGciOiJIUzI1NiJ9.eyJwaG9uZSI6IjEzNTM5ODAyMzQxIiwiaWQiOiIxMSIsImV4cCI6MTYwNzk1ODgzNywiaGVhZFBpYyI6ImNvbW1vbi91c2VyX2ltZy5qcGciLCJlbWFpbCI6IjM0NDI0NTAwMUBxcS5jb20iLCJ1c2VybmFtZSI6InVzZXIxIn0._tMnnsejFxSsCRg0hP8Bfwh1YL0KoKwiWFD3QuGmaBg
2020-12-07 23:16:31.782 INFO [http-nio-8080-exec-8]com.yjq.programmer.interceptor.home.UserLoginInterceptor.preHandle:49 -当前URL=/static/home/images/AD_page_img_02.png
2020-12-07 23:16:31.782 INFO [http-nio-8080-exec-8]com.yjq.programmer.interceptor.home.UserLoginInterceptor.preHandle:50 -当前路径获取到的token=eyJ0eXAiOiJKV1QiLCJhbGciOiJIUzI1NiJ9.eyJwaG9uZSI6IjEzNTM5ODAyMzQxIiwiaWQiOiIxMSIsImV4cCI6MTYwNzk1ODgzNywiaGVhZFBpYyI6ImNvbW1vbi91c2VyX2ltZy5qcGciLCJlbWFpbCI6IjM0NDI0NTAwMUBxcS5jb20iLCJ1c2VybmFtZSI6InVzZXIxIn0._tMnnsejFxSsCRg0hP8Bfwh1YL0KoKwiWFD3QuGmaBg
2020-12-07 23:16:53.856 INFO [http-nio-8080-exec-3]com.yjq.programmer.controller.common.CpachaController.generateCpacha:51 -验证码成功生成，method=admin_login,value=dkKF
2020-12-07 23:18:40.128 INFO [http-nio-8080-exec-3]com.yjq.programmer.controller.common.CpachaController.generateCpacha:51 -验证码成功生成，method=admin_login,value=c9K2
2020-12-07 23:27:19.232 INFO [http-nio-8080-exec-3]com.yjq.programmer.interceptor.home.UserLoginInterceptor.preHandle:49 -当前URL=/home/user/info
2020-12-07 23:27:19.232 INFO [http-nio-8080-exec-3]com.yjq.programmer.interceptor.home.UserLoginInterceptor.preHandle:50 -当前路径获取到的token=eyJ0eXAiOiJKV1QiLCJhbGciOiJIUzI1NiJ9.eyJwaG9uZSI6IjEzNTM5ODAyMzQxIiwiaWQiOiIxMSIsImV4cCI6MTYwNzk1ODgzNywiaGVhZFBpYyI6ImNvbW1vbi91c2VyX2ltZy5qcGciLCJlbWFpbCI6IjM0NDI0NTAwMUBxcS5jb20iLCJ1c2VybmFtZSI6InVzZXIxIn0._tMnnsejFxSsCRg0hP8Bfwh1YL0KoKwiWFD3QuGmaBg
2020-12-07 23:27:21.362 INFO [http-nio-8080-exec-7]com.yjq.programmer.interceptor.home.UserLoginInterceptor.preHandle:49 -当前URL=/home/user/order
2020-12-07 23:27:21.363 INFO [http-nio-8080-exec-7]com.yjq.programmer.interceptor.home.UserLoginInterceptor.preHandle:50 -当前路径获取到的token=eyJ0eXAiOiJKV1QiLCJhbGciOiJIUzI1NiJ9.eyJwaG9uZSI6IjEzNTM5ODAyMzQxIiwiaWQiOiIxMSIsImV4cCI6MTYwNzk1ODgzNywiaGVhZFBpYyI6ImNvbW1vbi91c2VyX2ltZy5qcGciLCJlbWFpbCI6IjM0NDI0NTAwMUBxcS5jb20iLCJ1c2VybmFtZSI6InVzZXIxIn0._tMnnsejFxSsCRg0hP8Bfwh1YL0KoKwiWFD3QuGmaBg
2020-12-07 23:59:19.670 INFO [http-nio-8080-exec-6]c.yjq.programmer.interceptor.admin.AdminLoginInterceptor.preHandle:34 -当前URL=/admin/system/logout
2020-12-07 23:59:19.670 INFO [http-nio-8080-exec-6]c.yjq.programmer.interceptor.admin.AdminLoginInterceptor.preHandle:50 -没有登录或session失效，跳转登录界面！当前URL={}/admin/system/logout
2020-12-07 23:59:19.753 INFO [http-nio-8080-exec-7]com.yjq.programmer.controller.common.CpachaController.generateCpacha:51 -验证码成功生成，method=admin_login,value=UWxE
2020-12-07 23:59:28.454 INFO [http-nio-8080-exec-1]com.yjq.programmer.interceptor.home.UserLoginInterceptor.preHandle:49 -当前URL=/home/system/index
2020-12-07 23:59:28.454 INFO [http-nio-8080-exec-1]com.yjq.programmer.interceptor.home.UserLoginInterceptor.preHandle:50 -当前路径获取到的token=eyJ0eXAiOiJKV1QiLCJhbGciOiJIUzI1NiJ9.eyJwaG9uZSI6IjEzNTM5ODAyMzQxIiwiaWQiOiIxMSIsImV4cCI6MTYwNzk1ODgzNywiaGVhZFBpYyI6ImNvbW1vbi91c2VyX2ltZy5qcGciLCJlbWFpbCI6IjM0NDI0NTAwMUBxcS5jb20iLCJ1c2VybmFtZSI6InVzZXIxIn0._tMnnsejFxSsCRg0hP8Bfwh1YL0KoKwiWFD3QuGmaBg
